{"C:\\Integrado2\\agnus-back\\src\\app.ts": {"path":"C:\\Integrado2\\agnus-back\\src\\app.ts","statementMap":{"0":{"start":{"line":1,"column":0},"end":{"line":1,"column":61}},"1":{"start":{"line":2,"column":0},"end":{"line":2,"column":24}},"2":{"start":{"line":3,"column":0},"end":{"line":3,"column":79}},"3":{"start":{"line":4,"column":0},"end":{"line":4,"column":85}},"4":{"start":{"line":5,"column":0},"end":{"line":5,"column":59}},"5":{"start":{"line":6,"column":0},"end":{"line":6,"column":77}},"6":{"start":{"line":7,"column":0},"end":{"line":7,"column":69}},"7":{"start":{"line":8,"column":0},"end":{"line":8,"column":71}},"8":{"start":{"line":9,"column":0},"end":{"line":9,"column":73}},"9":{"start":{"line":10,"column":0},"end":{"line":10,"column":75}},"10":{"start":{"line":11,"column":0},"end":{"line":11,"column":75}},"11":{"start":{"line":12,"column":0},"end":{"line":12,"column":77}},"12":{"start":{"line":13,"column":0},"end":{"line":13,"column":67}},"13":{"start":{"line":14,"column":0},"end":{"line":14,"column":65}},"14":{"start":{"line":15,"column":0},"end":{"line":15,"column":81}},"15":{"start":{"line":16,"column":0},"end":{"line":16,"column":83}},"16":{"start":{"line":18,"column":0},"end":{"line":18,"column":64}},"17":{"start":{"line":19,"column":0},"end":{"line":19,"column":104}},"18":{"start":{"line":20,"column":0},"end":{"line":20,"column":60}},"19":{"start":{"line":22,"column":12},"end":{"line":22,"column":21}},"20":{"start":{"line":23,"column":0},"end":{"line":23,"column":41}},"21":{"start":{"line":24,"column":0},"end":{"line":24,"column":63}},"22":{"start":{"line":25,"column":0},"end":{"line":25,"column":88}},"23":{"start":{"line":27,"column":23},"end":{"line":27,"column":31}},"24":{"start":{"line":29,"column":0},"end":{"line":29,"column":46}},"25":{"start":{"line":30,"column":0},"end":{"line":30,"column":98}},"26":{"start":{"line":31,"column":0},"end":{"line":31,"column":97}},"27":{"start":{"line":32,"column":0},"end":{"line":32,"column":104}},"28":{"start":{"line":33,"column":0},"end":{"line":33,"column":96}},"29":{"start":{"line":34,"column":0},"end":{"line":34,"column":115}},"30":{"start":{"line":36,"column":0},"end":{"line":36,"column":66}},"31":{"start":{"line":37,"column":0},"end":{"line":37,"column":79}},"32":{"start":{"line":38,"column":0},"end":{"line":38,"column":69}},"33":{"start":{"line":39,"column":0},"end":{"line":39,"column":72}},"34":{"start":{"line":41,"column":0},"end":{"line":41,"column":64}},"35":{"start":{"line":42,"column":0},"end":{"line":42,"column":77}},"36":{"start":{"line":43,"column":0},"end":{"line":43,"column":67}},"37":{"start":{"line":44,"column":0},"end":{"line":44,"column":70}},"38":{"start":{"line":46,"column":0},"end":{"line":46,"column":56}},"39":{"start":{"line":47,"column":0},"end":{"line":47,"column":56}},"40":{"start":{"line":48,"column":0},"end":{"line":48,"column":60}},"41":{"start":{"line":49,"column":0},"end":{"line":49,"column":59}},"42":{"start":{"line":50,"column":0},"end":{"line":50,"column":62}},"43":{"start":{"line":52,"column":0},"end":{"line":52,"column":52}},"44":{"start":{"line":53,"column":0},"end":{"line":53,"column":60}},"45":{"start":{"line":54,"column":0},"end":{"line":54,"column":52}},"46":{"start":{"line":55,"column":0},"end":{"line":55,"column":56}},"47":{"start":{"line":56,"column":0},"end":{"line":56,"column":55}},"48":{"start":{"line":57,"column":0},"end":{"line":57,"column":58}},"49":{"start":{"line":59,"column":0},"end":{"line":59,"column":62}},"50":{"start":{"line":60,"column":0},"end":{"line":60,"column":81}},"51":{"start":{"line":61,"column":0},"end":{"line":61,"column":65}},"52":{"start":{"line":62,"column":0},"end":{"line":62,"column":68}},"53":{"start":{"line":64,"column":0},"end":{"line":64,"column":73}},"54":{"start":{"line":65,"column":0},"end":{"line":65,"column":81}},"55":{"start":{"line":66,"column":0},"end":{"line":66,"column":76}},"56":{"start":{"line":67,"column":0},"end":{"line":67,"column":68}},"57":{"start":{"line":69,"column":0},"end":{"line":69,"column":63}},"58":{"start":{"line":70,"column":0},"end":{"line":70,"column":82}},"59":{"start":{"line":71,"column":0},"end":{"line":71,"column":66}},"60":{"start":{"line":72,"column":0},"end":{"line":72,"column":69}},"61":{"start":{"line":74,"column":0},"end":{"line":74,"column":68}},"62":{"start":{"line":75,"column":0},"end":{"line":75,"column":87}},"63":{"start":{"line":76,"column":0},"end":{"line":76,"column":71}},"64":{"start":{"line":77,"column":0},"end":{"line":77,"column":74}},"65":{"start":{"line":79,"column":0},"end":{"line":79,"column":71}},"66":{"start":{"line":80,"column":0},"end":{"line":80,"column":88}},"67":{"start":{"line":81,"column":0},"end":{"line":81,"column":74}},"68":{"start":{"line":82,"column":0},"end":{"line":82,"column":77}},"69":{"start":{"line":84,"column":0},"end":{"line":84,"column":50}},"70":{"start":{"line":85,"column":0},"end":{"line":85,"column":50}},"71":{"start":{"line":86,"column":0},"end":{"line":86,"column":54}},"72":{"start":{"line":87,"column":0},"end":{"line":87,"column":53}},"73":{"start":{"line":88,"column":0},"end":{"line":88,"column":56}},"74":{"start":{"line":90,"column":0},"end":{"line":90,"column":59}},"75":{"start":{"line":91,"column":0},"end":{"line":91,"column":72}},"76":{"start":{"line":92,"column":0},"end":{"line":92,"column":62}},"77":{"start":{"line":93,"column":0},"end":{"line":93,"column":65}},"78":{"start":{"line":95,"column":0},"end":{"line":95,"column":49}},"79":{"start":{"line":96,"column":0},"end":{"line":96,"column":49}},"80":{"start":{"line":97,"column":0},"end":{"line":97,"column":53}},"81":{"start":{"line":98,"column":0},"end":{"line":98,"column":52}},"82":{"start":{"line":99,"column":0},"end":{"line":99,"column":55}},"83":{"start":{"line":101,"column":0},"end":{"line":101,"column":58}},"84":{"start":{"line":102,"column":0},"end":{"line":102,"column":73}},"85":{"start":{"line":103,"column":0},"end":{"line":103,"column":61}},"86":{"start":{"line":104,"column":0},"end":{"line":104,"column":64}},"87":{"start":{"line":106,"column":0},"end":{"line":106,"column":49}},"88":{"start":{"line":107,"column":0},"end":{"line":107,"column":61}},"89":{"start":{"line":108,"column":0},"end":{"line":108,"column":55}},"90":{"start":{"line":109,"column":0},"end":{"line":109,"column":67}},"91":{"start":{"line":111,"column":0},"end":{"line":111,"column":16}},"92":{"start":{"line":113,"column":0},"end":{"line":113,"column":19}}},"fnMap":{},"branchMap":{},"s":{"0":1,"1":1,"2":1,"3":1,"4":1,"5":1,"6":1,"7":1,"8":1,"9":1,"10":1,"11":1,"12":1,"13":1,"14":1,"15":1,"16":1,"17":1,"18":1,"19":1,"20":1,"21":1,"22":1,"23":1,"24":1,"25":1,"26":1,"27":1,"28":1,"29":1,"30":1,"31":1,"32":1,"33":1,"34":1,"35":1,"36":1,"37":1,"38":1,"39":1,"40":1,"41":1,"42":1,"43":1,"44":1,"45":1,"46":1,"47":1,"48":1,"49":1,"50":1,"51":1,"52":1,"53":1,"54":1,"55":1,"56":1,"57":1,"58":1,"59":1,"60":1,"61":1,"62":1,"63":1,"64":1,"65":1,"66":1,"67":1,"68":1,"69":1,"70":1,"71":1,"72":1,"73":1,"74":1,"75":1,"76":1,"77":1,"78":1,"79":1,"80":1,"81":1,"82":1,"83":1,"84":1,"85":1,"86":1,"87":1,"88":1,"89":1,"90":1,"91":1,"92":1},"f":{},"b":{}}
,"C:\\Integrado2\\agnus-back\\src\\server.ts": {"path":"C:\\Integrado2\\agnus-back\\src\\server.ts","statementMap":{"0":{"start":{"line":1,"column":0},"end":{"line":1,"column":23}},"1":{"start":{"line":2,"column":0},"end":{"line":2,"column":24}},"2":{"start":{"line":3,"column":0},"end":{"line":3,"column":42}},"3":{"start":{"line":5,"column":13},"end":{"line":5,"column":45}},"4":{"start":{"line":7,"column":0},"end":{"line":7,"column":30}},"5":{"start":{"line":9,"column":0},"end":{"line":11,"column":3}},"6":{"start":{"line":10,"column":2},"end":{"line":10,"column":51}}},"fnMap":{"0":{"name":"(anonymous_1)","decl":{"start":{"line":9,"column":17},"end":{"line":9,"column":20}},"loc":{"start":{"line":9,"column":22},"end":{"line":11,"column":1}}}},"branchMap":{"0":{"loc":{"start":{"line":5,"column":20},"end":{"line":5,"column":44}},"type":"binary-expr","locations":[{"start":{"line":5,"column":20},"end":{"line":5,"column":36}},{"start":{"line":5,"column":40},"end":{"line":5,"column":44}}]}},"s":{"0":1,"1":1,"2":1,"3":1,"4":1,"5":1,"6":1},"f":{"0":1},"b":{"0":[1,0]}}
,"C:\\Integrado2\\agnus-back\\src\\config\\config.js": {"path":"C:\\Integrado2\\agnus-back\\src\\config\\config.js","statementMap":{"0":{"start":{"line":1,"column":0},"end":{"line":9,"column":2}}},"fnMap":{},"branchMap":{},"s":{"0":1},"f":{},"b":{},"inputSourceMap":null,"_coverageSchema":"1a1c01bbd47fc00a2c39e90264f33305004495a9","hash":"0a5dda862a1ae3eb3d594c42f2097767f12cea55"}
,"C:\\Integrado2\\agnus-back\\src\\config\\database\\index.ts": {"path":"C:\\Integrado2\\agnus-back\\src\\config\\database\\index.ts","statementMap":{"0":{"start":{"line":1,"column":0},"end":{"line":1,"column":23}},"1":{"start":{"line":2,"column":0},"end":{"line":2,"column":38}},"2":{"start":{"line":4,"column":18},"end":{"line":13,"column":null}},"3":{"start":{"line":16,"column":0},"end":{"line":16,"column":25}}},"fnMap":{},"branchMap":{"0":{"loc":{"start":{"line":5,"column":2},"end":{"line":5,"column":32}},"type":"binary-expr","locations":[{"start":{"line":5,"column":2},"end":{"line":5,"column":21}},{"start":{"line":5,"column":25},"end":{"line":5,"column":32}}]},"1":{"loc":{"start":{"line":6,"column":2},"end":{"line":6,"column":32}},"type":"binary-expr","locations":[{"start":{"line":6,"column":2},"end":{"line":6,"column":21}},{"start":{"line":6,"column":25},"end":{"line":6,"column":32}}]},"2":{"loc":{"start":{"line":7,"column":2},"end":{"line":7,"column":31}},"type":"binary-expr","locations":[{"start":{"line":7,"column":2},"end":{"line":7,"column":25}},{"start":{"line":7,"column":29},"end":{"line":7,"column":31}}]},"3":{"loc":{"start":{"line":9,"column":10},"end":{"line":9,"column":44}},"type":"binary-expr","locations":[{"start":{"line":9,"column":10},"end":{"line":9,"column":29}},{"start":{"line":9,"column":33},"end":{"line":9,"column":44}}]},"4":{"loc":{"start":{"line":10,"column":17},"end":{"line":10,"column":44}},"type":"binary-expr","locations":[{"start":{"line":10,"column":17},"end":{"line":10,"column":36}},{"start":{"line":10,"column":40},"end":{"line":10,"column":44}}]}},"s":{"0":2,"1":2,"2":2,"3":2},"f":{},"b":{"0":[2,0],"1":[2,0],"2":[2,2],"3":[2,0],"4":[2,0]}}
,"C:\\Integrado2\\agnus-back\\src\\controllers\\auth.controller.ts": {"path":"C:\\Integrado2\\agnus-back\\src\\controllers\\auth.controller.ts","statementMap":{"0":{"start":{"line":3,"column":0},"end":{"line":3,"column":51}},"1":{"start":{"line":4,"column":0},"end":{"line":4,"column":38}},"2":{"start":{"line":5,"column":0},"end":{"line":5,"column":83}},"3":{"start":{"line":9,"column":16},"end":{"line":9,"column":26}},"4":{"start":{"line":10,"column":19},"end":{"line":10,"column":39}},"5":{"start":{"line":11,"column":20},"end":{"line":11,"column":46}},"6":{"start":{"line":12,"column":18},"end":{"line":12,"column":46}},"7":{"start":{"line":13,"column":17},"end":{"line":13,"column":46}},"8":{"start":{"line":15,"column":4},"end":{"line":15,"column":42}},"9":{"start":{"line":15,"column":21},"end":{"line":15,"column":42}},"10":{"start":{"line":16,"column":4},"end":{"line":16,"column":77}},"11":{"start":{"line":16,"column":22},"end":{"line":16,"column":77}},"12":{"start":{"line":17,"column":4},"end":{"line":17,"column":69}},"13":{"start":{"line":17,"column":20},"end":{"line":17,"column":69}},"14":{"start":{"line":18,"column":4},"end":{"line":18,"column":50}},"15":{"start":{"line":22,"column":4},"end":{"line":26,"column":20}},"16":{"start":{"line":30,"column":29},"end":{"line":30,"column":37}},"17":{"start":{"line":32,"column":4},"end":{"line":34,"column":5}},"18":{"start":{"line":33,"column":6},"end":{"line":33,"column":82}},"19":{"start":{"line":36,"column":23},"end":{"line":36,"column":67}},"20":{"start":{"line":37,"column":4},"end":{"line":50,"column":5}},"21":{"start":{"line":38,"column":27},"end":{"line":38,"column":98}},"22":{"start":{"line":40,"column":6},"end":{"line":47,"column":7}},"23":{"start":{"line":41,"column":28},"end":{"line":41,"column":74}},"24":{"start":{"line":42,"column":30},"end":{"line":42,"column":73}},"25":{"start":{"line":44,"column":8},"end":{"line":46,"column":11}},"26":{"start":{"line":49,"column":6},"end":{"line":49,"column":73}},"27":{"start":{"line":52,"column":4},"end":{"line":52,"column":44}},"28":{"start":{"line":56,"column":21},"end":{"line":56,"column":40}},"29":{"start":{"line":57,"column":4},"end":{"line":59,"column":5}},"30":{"start":{"line":58,"column":6},"end":{"line":58,"column":67}},"31":{"start":{"line":61,"column":17},"end":{"line":61,"column":57}},"32":{"start":{"line":62,"column":4},"end":{"line":64,"column":5}},"33":{"start":{"line":63,"column":6},"end":{"line":63,"column":74}},"34":{"start":{"line":66,"column":4},"end":{"line":66,"column":74}},"35":{"start":{"line":70,"column":4},"end":{"line":77,"column":5}},"36":{"start":{"line":71,"column":22},"end":{"line":71,"column":63}},"37":{"start":{"line":72,"column":6},"end":{"line":72,"column":35}},"38":{"start":{"line":74,"column":6},"end":{"line":76,"column":9}},"39":{"start":{"line":81,"column":4},"end":{"line":98,"column":5}},"40":{"start":{"line":82,"column":37},"end":{"line":82,"column":46}},"41":{"start":{"line":84,"column":6},"end":{"line":86,"column":7}},"42":{"start":{"line":85,"column":8},"end":{"line":85,"column":97}},"43":{"start":{"line":88,"column":6},"end":{"line":90,"column":7}},"44":{"start":{"line":89,"column":8},"end":{"line":89,"column":80}},"45":{"start":{"line":92,"column":25},"end":{"line":92,"column":78}},"46":{"start":{"line":93,"column":6},"end":{"line":93,"column":46}},"47":{"start":{"line":95,"column":6},"end":{"line":97,"column":9}},"48":{"start":{"line":102,"column":0},"end":{"line":102,"column":30}}},"fnMap":{"0":{"name":"(anonymous_1)","decl":{"start":{"line":8,"column":10},"end":{"line":8,"column":16}},"loc":{"start":{"line":8,"column":45},"end":{"line":19,"column":3}}},"1":{"name":"(anonymous_2)","decl":{"start":{"line":21,"column":10},"end":{"line":21,"column":16}},"loc":{"start":{"line":21,"column":42},"end":{"line":27,"column":3}}},"2":{"name":"(anonymous_3)","decl":{"start":{"line":29,"column":2},"end":{"line":29,"column":8}},"loc":{"start":{"line":29,"column":48},"end":{"line":53,"column":3}}},"3":{"name":"(anonymous_4)","decl":{"start":{"line":55,"column":2},"end":{"line":55,"column":8}},"loc":{"start":{"line":55,"column":79},"end":{"line":67,"column":3}}},"4":{"name":"(anonymous_5)","decl":{"start":{"line":69,"column":2},"end":{"line":69,"column":8}},"loc":{"start":{"line":69,"column":54},"end":{"line":78,"column":3}}},"5":{"name":"(anonymous_6)","decl":{"start":{"line":80,"column":2},"end":{"line":80,"column":8}},"loc":{"start":{"line":80,"column":57},"end":{"line":99,"column":3}}}},"branchMap":{"0":{"loc":{"start":{"line":15,"column":4},"end":{"line":15,"column":42}},"type":"if","locations":[{"start":{"line":15,"column":4},"end":{"line":15,"column":42}},{"start":{},"end":{}}]},"1":{"loc":{"start":{"line":16,"column":4},"end":{"line":16,"column":77}},"type":"if","locations":[{"start":{"line":16,"column":4},"end":{"line":16,"column":77}},{"start":{},"end":{}}]},"2":{"loc":{"start":{"line":16,"column":52},"end":{"line":16,"column":74}},"type":"cond-expr","locations":[{"start":{"line":16,"column":66},"end":{"line":16,"column":69}},{"start":{"line":16,"column":72},"end":{"line":16,"column":74}}]},"3":{"loc":{"start":{"line":17,"column":4},"end":{"line":17,"column":69}},"type":"if","locations":[{"start":{"line":17,"column":4},"end":{"line":17,"column":69}},{"start":{},"end":{}}]},"4":{"loc":{"start":{"line":17,"column":46},"end":{"line":17,"column":66}},"type":"cond-expr","locations":[{"start":{"line":17,"column":58},"end":{"line":17,"column":61}},{"start":{"line":17,"column":64},"end":{"line":17,"column":66}}]},"5":{"loc":{"start":{"line":18,"column":28},"end":{"line":18,"column":47}},"type":"cond-expr","locations":[{"start":{"line":18,"column":39},"end":{"line":18,"column":42}},{"start":{"line":18,"column":45},"end":{"line":18,"column":47}}]},"6":{"loc":{"start":{"line":32,"column":4},"end":{"line":34,"column":5}},"type":"if","locations":[{"start":{"line":32,"column":4},"end":{"line":34,"column":5}},{"start":{},"end":{}}]},"7":{"loc":{"start":{"line":32,"column":8},"end":{"line":32,"column":24}},"type":"binary-expr","locations":[{"start":{"line":32,"column":8},"end":{"line":32,"column":14}},{"start":{"line":32,"column":18},"end":{"line":32,"column":24}}]},"8":{"loc":{"start":{"line":37,"column":4},"end":{"line":50,"column":5}},"type":"if","locations":[{"start":{"line":37,"column":4},"end":{"line":50,"column":5}},{"start":{},"end":{}}]},"9":{"loc":{"start":{"line":40,"column":6},"end":{"line":47,"column":7}},"type":"if","locations":[{"start":{"line":40,"column":6},"end":{"line":47,"column":7}},{"start":{},"end":{}}]},"10":{"loc":{"start":{"line":57,"column":4},"end":{"line":59,"column":5}},"type":"if","locations":[{"start":{"line":57,"column":4},"end":{"line":59,"column":5}},{"start":{},"end":{}}]},"11":{"loc":{"start":{"line":62,"column":4},"end":{"line":64,"column":5}},"type":"if","locations":[{"start":{"line":62,"column":4},"end":{"line":64,"column":5}},{"start":{},"end":{}}]},"12":{"loc":{"start":{"line":75,"column":17},"end":{"line":75,"column":94}},"type":"cond-expr","locations":[{"start":{"line":75,"column":42},"end":{"line":75,"column":55}},{"start":{"line":75,"column":58},"end":{"line":75,"column":94}}]},"13":{"loc":{"start":{"line":84,"column":6},"end":{"line":86,"column":7}},"type":"if","locations":[{"start":{"line":84,"column":6},"end":{"line":86,"column":7}},{"start":{},"end":{}}]},"14":{"loc":{"start":{"line":88,"column":6},"end":{"line":90,"column":7}},"type":"if","locations":[{"start":{"line":88,"column":6},"end":{"line":90,"column":7}},{"start":{},"end":{}}]},"15":{"loc":{"start":{"line":88,"column":10},"end":{"line":88,"column":82}},"type":"binary-expr","locations":[{"start":{"line":88,"column":10},"end":{"line":88,"column":15}},{"start":{"line":88,"column":19},"end":{"line":88,"column":25}},{"start":{"line":88,"column":29},"end":{"line":88,"column":53}},{"start":{"line":88,"column":57},"end":{"line":88,"column":82}}]},"16":{"loc":{"start":{"line":96,"column":17},"end":{"line":96,"column":94}},"type":"cond-expr","locations":[{"start":{"line":96,"column":42},"end":{"line":96,"column":55}},{"start":{"line":96,"column":58},"end":{"line":96,"column":94}}]}},"s":{"0":1,"1":1,"2":1,"3":5,"4":5,"5":5,"6":5,"7":5,"8":5,"9":1,"10":4,"11":1,"12":3,"13":1,"14":2,"15":1,"16":4,"17":4,"18":1,"19":3,"20":3,"21":2,"22":2,"23":1,"24":1,"25":1,"26":1,"27":1,"28":3,"29":3,"30":1,"31":2,"32":2,"33":1,"34":1,"35":3,"36":3,"37":1,"38":2,"39":5,"40":5,"41":5,"42":1,"43":4,"44":1,"45":3,"46":1,"47":2,"48":1},"f":{"0":5,"1":1,"2":4,"3":3,"4":3,"5":5},"b":{"0":[1,4],"1":[1,3],"2":[1,0],"3":[1,2],"4":[1,0],"5":[2,0],"6":[1,3],"7":[4,3],"8":[2,1],"9":[1,1],"10":[1,2],"11":[1,1],"12":[1,1],"13":[1,4],"14":[1,3],"15":[4,4,4,3],"16":[1,1]}}
,"C:\\Integrado2\\agnus-back\\src\\controllers\\avaliacaoFotos.controller.ts": {"path":"C:\\Integrado2\\agnus-back\\src\\controllers\\avaliacaoFotos.controller.ts","statementMap":{"0":{"start":{"line":2,"column":0},"end":{"line":2,"column":54}},"1":{"start":{"line":3,"column":0},"end":{"line":3,"column":60}},"2":{"start":{"line":8,"column":26},"end":{"line":8,"column":36}},"3":{"start":{"line":9,"column":17},"end":{"line":9,"column":101}},"4":{"start":{"line":11,"column":4},"end":{"line":13,"column":5}},"5":{"start":{"line":12,"column":6},"end":{"line":12,"column":83}},"6":{"start":{"line":15,"column":4},"end":{"line":15,"column":38}},"7":{"start":{"line":19,"column":57},"end":{"line":19,"column":65}},"8":{"start":{"line":21,"column":4},"end":{"line":23,"column":5}},"9":{"start":{"line":22,"column":6},"end":{"line":22,"column":86}},"10":{"start":{"line":25,"column":22},"end":{"line":25,"column":84}},"11":{"start":{"line":26,"column":4},"end":{"line":28,"column":5}},"12":{"start":{"line":27,"column":6},"end":{"line":27,"column":86}},"13":{"start":{"line":30,"column":17},"end":{"line":33,"column":6}},"14":{"start":{"line":35,"column":4},"end":{"line":35,"column":38}},"15":{"start":{"line":39,"column":19},"end":{"line":39,"column":29}},"16":{"start":{"line":40,"column":50},"end":{"line":40,"column":58}},"17":{"start":{"line":42,"column":17},"end":{"line":42,"column":58}},"18":{"start":{"line":43,"column":4},"end":{"line":45,"column":5}},"19":{"start":{"line":44,"column":6},"end":{"line":44,"column":83}},"20":{"start":{"line":47,"column":4},"end":{"line":52,"column":5}},"21":{"start":{"line":48,"column":24},"end":{"line":48,"column":86}},"22":{"start":{"line":49,"column":6},"end":{"line":51,"column":7}},"23":{"start":{"line":50,"column":8},"end":{"line":50,"column":88}},"24":{"start":{"line":54,"column":4},"end":{"line":60,"column":7}},"25":{"start":{"line":62,"column":4},"end":{"line":62,"column":38}},"26":{"start":{"line":66,"column":19},"end":{"line":66,"column":29}},"27":{"start":{"line":67,"column":17},"end":{"line":67,"column":58}},"28":{"start":{"line":69,"column":4},"end":{"line":71,"column":5}},"29":{"start":{"line":70,"column":6},"end":{"line":70,"column":83}},"30":{"start":{"line":73,"column":4},"end":{"line":73,"column":25}},"31":{"start":{"line":74,"column":4},"end":{"line":74,"column":34}},"32":{"start":{"line":78,"column":0},"end":{"line":78,"column":40}}},"fnMap":{"0":{"name":"(anonymous_1)","decl":{"start":{"line":7,"column":2},"end":{"line":7,"column":8}},"loc":{"start":{"line":7,"column":56},"end":{"line":16,"column":3}}},"1":{"name":"(anonymous_2)","decl":{"start":{"line":18,"column":2},"end":{"line":18,"column":8}},"loc":{"start":{"line":18,"column":49},"end":{"line":36,"column":3}}},"2":{"name":"(anonymous_3)","decl":{"start":{"line":38,"column":2},"end":{"line":38,"column":8}},"loc":{"start":{"line":38,"column":49},"end":{"line":63,"column":3}}},"3":{"name":"(anonymous_4)","decl":{"start":{"line":65,"column":2},"end":{"line":65,"column":8}},"loc":{"start":{"line":65,"column":49},"end":{"line":75,"column":3}}}},"branchMap":{"0":{"loc":{"start":{"line":11,"column":4},"end":{"line":13,"column":5}},"type":"if","locations":[{"start":{"line":11,"column":4},"end":{"line":13,"column":5}},{"start":{},"end":{}}]},"1":{"loc":{"start":{"line":19,"column":34},"end":{"line":19,"column":52}},"type":"default-arg","locations":[{"start":{"line":19,"column":48},"end":{"line":19,"column":52}}]},"2":{"loc":{"start":{"line":21,"column":4},"end":{"line":23,"column":5}},"type":"if","locations":[{"start":{"line":21,"column":4},"end":{"line":23,"column":5}},{"start":{},"end":{}}]},"3":{"loc":{"start":{"line":26,"column":4},"end":{"line":28,"column":5}},"type":"if","locations":[{"start":{"line":26,"column":4},"end":{"line":28,"column":5}},{"start":{},"end":{}}]},"4":{"loc":{"start":{"line":43,"column":4},"end":{"line":45,"column":5}},"type":"if","locations":[{"start":{"line":43,"column":4},"end":{"line":45,"column":5}},{"start":{},"end":{}}]},"5":{"loc":{"start":{"line":47,"column":4},"end":{"line":52,"column":5}},"type":"if","locations":[{"start":{"line":47,"column":4},"end":{"line":52,"column":5}},{"start":{},"end":{}}]},"6":{"loc":{"start":{"line":49,"column":6},"end":{"line":51,"column":7}},"type":"if","locations":[{"start":{"line":49,"column":6},"end":{"line":51,"column":7}},{"start":{},"end":{}}]},"7":{"loc":{"start":{"line":56,"column":8},"end":{"line":58,"column":37}},"type":"cond-expr","locations":[{"start":{"line":57,"column":12},"end":{"line":57,"column":40}},{"start":{"line":58,"column":12},"end":{"line":58,"column":37}}]},"8":{"loc":{"start":{"line":59,"column":19},"end":{"line":59,"column":77}},"type":"cond-expr","locations":[{"start":{"line":59,"column":47},"end":{"line":59,"column":58}},{"start":{"line":59,"column":61},"end":{"line":59,"column":77}}]},"9":{"loc":{"start":{"line":69,"column":4},"end":{"line":71,"column":5}},"type":"if","locations":[{"start":{"line":69,"column":4},"end":{"line":71,"column":5}},{"start":{},"end":{}}]}},"s":{"0":1,"1":1,"2":2,"3":2,"4":2,"5":1,"6":1,"7":3,"8":3,"9":1,"10":2,"11":2,"12":1,"13":1,"14":1,"15":3,"16":3,"17":3,"18":3,"19":1,"20":2,"21":2,"22":2,"23":1,"24":1,"25":1,"26":2,"27":2,"28":2,"29":1,"30":1,"31":1,"32":1},"f":{"0":2,"1":3,"2":3,"3":2},"b":{"0":[1,1],"1":[2],"2":[1,2],"3":[1,1],"4":[1,2],"5":[2,0],"6":[1,1],"7":[1,0],"8":[1,0],"9":[1,1]}}
,"C:\\Integrado2\\agnus-back\\src\\controllers\\avaliacaoProdutos.controller.ts": {"path":"C:\\Integrado2\\agnus-back\\src\\controllers\\avaliacaoProdutos.controller.ts","statementMap":{"0":{"start":{"line":2,"column":0},"end":{"line":2,"column":60}},"1":{"start":{"line":3,"column":0},"end":{"line":3,"column":42}},"2":{"start":{"line":4,"column":0},"end":{"line":4,"column":42}},"3":{"start":{"line":10,"column":27},"end":{"line":10,"column":37}},"4":{"start":{"line":11,"column":22},"end":{"line":11,"column":100}},"5":{"start":{"line":13,"column":4},"end":{"line":15,"column":5}},"6":{"start":{"line":14,"column":6},"end":{"line":14,"column":75}},"7":{"start":{"line":17,"column":4},"end":{"line":17,"column":43}},"8":{"start":{"line":21,"column":86},"end":{"line":21,"column":94}},"9":{"start":{"line":23,"column":4},"end":{"line":25,"column":5}},"10":{"start":{"line":24,"column":6},"end":{"line":24,"column":92}},"11":{"start":{"line":27,"column":4},"end":{"line":32,"column":5}},"12":{"start":{"line":28,"column":25},"end":{"line":28,"column":37}},"13":{"start":{"line":29,"column":6},"end":{"line":31,"column":7}},"14":{"start":{"line":30,"column":8},"end":{"line":30,"column":91}},"15":{"start":{"line":34,"column":20},"end":{"line":34,"column":63}},"16":{"start":{"line":35,"column":4},"end":{"line":37,"column":5}},"17":{"start":{"line":36,"column":6},"end":{"line":36,"column":73}},"18":{"start":{"line":39,"column":20},"end":{"line":39,"column":63}},"19":{"start":{"line":40,"column":4},"end":{"line":42,"column":5}},"20":{"start":{"line":41,"column":6},"end":{"line":41,"column":73}},"21":{"start":{"line":44,"column":22},"end":{"line":50,"column":6}},"22":{"start":{"line":52,"column":4},"end":{"line":52,"column":43}},"23":{"start":{"line":56,"column":19},"end":{"line":56,"column":29}},"24":{"start":{"line":57,"column":65},"end":{"line":57,"column":73}},"25":{"start":{"line":59,"column":22},"end":{"line":59,"column":66}},"26":{"start":{"line":60,"column":4},"end":{"line":62,"column":5}},"27":{"start":{"line":61,"column":6},"end":{"line":61,"column":75}},"28":{"start":{"line":64,"column":4},"end":{"line":69,"column":5}},"29":{"start":{"line":65,"column":22},"end":{"line":65,"column":65}},"30":{"start":{"line":66,"column":6},"end":{"line":68,"column":7}},"31":{"start":{"line":67,"column":8},"end":{"line":67,"column":75}},"32":{"start":{"line":71,"column":4},"end":{"line":76,"column":5}},"33":{"start":{"line":72,"column":22},"end":{"line":72,"column":65}},"34":{"start":{"line":73,"column":6},"end":{"line":75,"column":7}},"35":{"start":{"line":74,"column":8},"end":{"line":74,"column":75}},"36":{"start":{"line":78,"column":4},"end":{"line":83,"column":5}},"37":{"start":{"line":79,"column":25},"end":{"line":79,"column":37}},"38":{"start":{"line":80,"column":6},"end":{"line":82,"column":7}},"39":{"start":{"line":81,"column":8},"end":{"line":81,"column":91}},"40":{"start":{"line":85,"column":4},"end":{"line":91,"column":7}},"41":{"start":{"line":93,"column":4},"end":{"line":93,"column":43}},"42":{"start":{"line":97,"column":19},"end":{"line":97,"column":29}},"43":{"start":{"line":98,"column":22},"end":{"line":98,"column":66}},"44":{"start":{"line":100,"column":4},"end":{"line":102,"column":5}},"45":{"start":{"line":101,"column":6},"end":{"line":101,"column":75}},"46":{"start":{"line":104,"column":4},"end":{"line":104,"column":30}},"47":{"start":{"line":105,"column":4},"end":{"line":105,"column":34}},"48":{"start":{"line":109,"column":0},"end":{"line":109,"column":43}}},"fnMap":{"0":{"name":"(anonymous_1)","decl":{"start":{"line":9,"column":2},"end":{"line":9,"column":8}},"loc":{"start":{"line":9,"column":57},"end":{"line":18,"column":3}}},"1":{"name":"(anonymous_2)","decl":{"start":{"line":20,"column":2},"end":{"line":20,"column":8}},"loc":{"start":{"line":20,"column":49},"end":{"line":53,"column":3}}},"2":{"name":"(anonymous_3)","decl":{"start":{"line":55,"column":2},"end":{"line":55,"column":8}},"loc":{"start":{"line":55,"column":49},"end":{"line":94,"column":3}}},"3":{"name":"(anonymous_4)","decl":{"start":{"line":96,"column":2},"end":{"line":96,"column":8}},"loc":{"start":{"line":96,"column":49},"end":{"line":106,"column":3}}}},"branchMap":{"0":{"loc":{"start":{"line":13,"column":4},"end":{"line":15,"column":5}},"type":"if","locations":[{"start":{"line":13,"column":4},"end":{"line":15,"column":5}},{"start":{},"end":{}}]},"1":{"loc":{"start":{"line":21,"column":36},"end":{"line":21,"column":49}},"type":"default-arg","locations":[{"start":{"line":21,"column":45},"end":{"line":21,"column":49}}]},"2":{"loc":{"start":{"line":21,"column":51},"end":{"line":21,"column":68}},"type":"default-arg","locations":[{"start":{"line":21,"column":64},"end":{"line":21,"column":68}}]},"3":{"loc":{"start":{"line":21,"column":70},"end":{"line":21,"column":81}},"type":"default-arg","locations":[{"start":{"line":21,"column":77},"end":{"line":21,"column":81}}]},"4":{"loc":{"start":{"line":23,"column":4},"end":{"line":25,"column":5}},"type":"if","locations":[{"start":{"line":23,"column":4},"end":{"line":25,"column":5}},{"start":{},"end":{}}]},"5":{"loc":{"start":{"line":23,"column":8},"end":{"line":23,"column":34}},"type":"binary-expr","locations":[{"start":{"line":23,"column":8},"end":{"line":23,"column":19}},{"start":{"line":23,"column":23},"end":{"line":23,"column":34}}]},"6":{"loc":{"start":{"line":27,"column":4},"end":{"line":32,"column":5}},"type":"if","locations":[{"start":{"line":27,"column":4},"end":{"line":32,"column":5}},{"start":{},"end":{}}]},"7":{"loc":{"start":{"line":27,"column":8},"end":{"line":27,"column":43}},"type":"binary-expr","locations":[{"start":{"line":27,"column":8},"end":{"line":27,"column":21}},{"start":{"line":27,"column":25},"end":{"line":27,"column":43}}]},"8":{"loc":{"start":{"line":29,"column":6},"end":{"line":31,"column":7}},"type":"if","locations":[{"start":{"line":29,"column":6},"end":{"line":31,"column":7}},{"start":{},"end":{}}]},"9":{"loc":{"start":{"line":29,"column":10},"end":{"line":29,"column":71}},"type":"binary-expr","locations":[{"start":{"line":29,"column":10},"end":{"line":29,"column":34}},{"start":{"line":29,"column":38},"end":{"line":29,"column":52}},{"start":{"line":29,"column":56},"end":{"line":29,"column":71}}]},"10":{"loc":{"start":{"line":35,"column":4},"end":{"line":37,"column":5}},"type":"if","locations":[{"start":{"line":35,"column":4},"end":{"line":37,"column":5}},{"start":{},"end":{}}]},"11":{"loc":{"start":{"line":40,"column":4},"end":{"line":42,"column":5}},"type":"if","locations":[{"start":{"line":40,"column":4},"end":{"line":42,"column":5}},{"start":{},"end":{}}]},"12":{"loc":{"start":{"line":49,"column":12},"end":{"line":49,"column":44}},"type":"cond-expr","locations":[{"start":{"line":49,"column":33},"end":{"line":49,"column":37}},{"start":{"line":49,"column":40},"end":{"line":49,"column":44}}]},"13":{"loc":{"start":{"line":60,"column":4},"end":{"line":62,"column":5}},"type":"if","locations":[{"start":{"line":60,"column":4},"end":{"line":62,"column":5}},{"start":{},"end":{}}]},"14":{"loc":{"start":{"line":64,"column":4},"end":{"line":69,"column":5}},"type":"if","locations":[{"start":{"line":64,"column":4},"end":{"line":69,"column":5}},{"start":{},"end":{}}]},"15":{"loc":{"start":{"line":66,"column":6},"end":{"line":68,"column":7}},"type":"if","locations":[{"start":{"line":66,"column":6},"end":{"line":68,"column":7}},{"start":{},"end":{}}]},"16":{"loc":{"start":{"line":71,"column":4},"end":{"line":76,"column":5}},"type":"if","locations":[{"start":{"line":71,"column":4},"end":{"line":76,"column":5}},{"start":{},"end":{}}]},"17":{"loc":{"start":{"line":73,"column":6},"end":{"line":75,"column":7}},"type":"if","locations":[{"start":{"line":73,"column":6},"end":{"line":75,"column":7}},{"start":{},"end":{}}]},"18":{"loc":{"start":{"line":78,"column":4},"end":{"line":83,"column":5}},"type":"if","locations":[{"start":{"line":78,"column":4},"end":{"line":83,"column":5}},{"start":{},"end":{}}]},"19":{"loc":{"start":{"line":78,"column":8},"end":{"line":78,"column":43}},"type":"binary-expr","locations":[{"start":{"line":78,"column":8},"end":{"line":78,"column":26}},{"start":{"line":78,"column":30},"end":{"line":78,"column":43}}]},"20":{"loc":{"start":{"line":80,"column":6},"end":{"line":82,"column":7}},"type":"if","locations":[{"start":{"line":80,"column":6},"end":{"line":82,"column":7}},{"start":{},"end":{}}]},"21":{"loc":{"start":{"line":80,"column":10},"end":{"line":80,"column":71}},"type":"binary-expr","locations":[{"start":{"line":80,"column":10},"end":{"line":80,"column":34}},{"start":{"line":80,"column":38},"end":{"line":80,"column":52}},{"start":{"line":80,"column":56},"end":{"line":80,"column":71}}]},"22":{"loc":{"start":{"line":86,"column":18},"end":{"line":86,"column":86}},"type":"cond-expr","locations":[{"start":{"line":86,"column":45},"end":{"line":86,"column":63}},{"start":{"line":86,"column":66},"end":{"line":86,"column":86}}]},"23":{"loc":{"start":{"line":87,"column":18},"end":{"line":87,"column":86}},"type":"cond-expr","locations":[{"start":{"line":87,"column":45},"end":{"line":87,"column":63}},{"start":{"line":87,"column":66},"end":{"line":87,"column":86}}]},"24":{"loc":{"start":{"line":88,"column":14},"end":{"line":88,"column":62}},"type":"cond-expr","locations":[{"start":{"line":88,"column":37},"end":{"line":88,"column":43}},{"start":{"line":88,"column":46},"end":{"line":88,"column":62}}]},"25":{"loc":{"start":{"line":89,"column":18},"end":{"line":89,"column":78}},"type":"cond-expr","locations":[{"start":{"line":89,"column":45},"end":{"line":89,"column":55}},{"start":{"line":89,"column":58},"end":{"line":89,"column":78}}]},"26":{"loc":{"start":{"line":90,"column":12},"end":{"line":90,"column":54}},"type":"cond-expr","locations":[{"start":{"line":90,"column":33},"end":{"line":90,"column":37}},{"start":{"line":90,"column":40},"end":{"line":90,"column":54}}]},"27":{"loc":{"start":{"line":100,"column":4},"end":{"line":102,"column":5}},"type":"if","locations":[{"start":{"line":100,"column":4},"end":{"line":102,"column":5}},{"start":{},"end":{}}]}},"s":{"0":1,"1":1,"2":1,"3":2,"4":2,"5":2,"6":1,"7":1,"8":5,"9":5,"10":1,"11":4,"12":2,"13":2,"14":1,"15":3,"16":3,"17":1,"18":2,"19":2,"20":1,"21":1,"22":1,"23":5,"24":5,"25":5,"26":5,"27":1,"28":4,"29":2,"30":2,"31":1,"32":3,"33":2,"34":2,"35":1,"36":2,"37":2,"38":2,"39":1,"40":1,"41":1,"42":2,"43":2,"44":2,"45":1,"46":1,"47":1,"48":1},"f":{"0":2,"1":5,"2":5,"3":2},"b":{"0":[1,1],"1":[5],"2":[5],"3":[3],"4":[1,4],"5":[5,4],"6":[2,2],"7":[4,2],"8":[1,1],"9":[2,2,2],"10":[1,2],"11":[1,1],"12":[1,0],"13":[1,4],"14":[2,2],"15":[1,1],"16":[2,1],"17":[1,1],"18":[2,0],"19":[2,2],"20":[1,1],"21":[2,2,1],"22":[1,0],"23":[1,0],"24":[0,1],"25":[0,1],"26":[1,0],"27":[1,1]}}
,"C:\\Integrado2\\agnus-back\\src\\controllers\\carrinhoItens.controller.ts": {"path":"C:\\Integrado2\\agnus-back\\src\\controllers\\carrinhoItens.controller.ts","statementMap":{"0":{"start":{"line":2,"column":0},"end":{"line":2,"column":52}},"1":{"start":{"line":3,"column":0},"end":{"line":3,"column":44}},"2":{"start":{"line":4,"column":0},"end":{"line":4,"column":50}},"3":{"start":{"line":5,"column":0},"end":{"line":5,"column":52}},"4":{"start":{"line":10,"column":24},"end":{"line":10,"column":34}},"5":{"start":{"line":11,"column":17},"end":{"line":11,"column":89}},"6":{"start":{"line":13,"column":4},"end":{"line":15,"column":5}},"7":{"start":{"line":14,"column":6},"end":{"line":14,"column":82}},"8":{"start":{"line":17,"column":4},"end":{"line":17,"column":38}},"9":{"start":{"line":22,"column":6},"end":{"line":22,"column":14}},"10":{"start":{"line":24,"column":4},"end":{"line":28,"column":5}},"11":{"start":{"line":25,"column":6},"end":{"line":27,"column":9}},"12":{"start":{"line":30,"column":21},"end":{"line":30,"column":66}},"13":{"start":{"line":31,"column":4},"end":{"line":33,"column":5}},"14":{"start":{"line":32,"column":6},"end":{"line":32,"column":74}},"15":{"start":{"line":35,"column":16},"end":{"line":35,"column":67}},"16":{"start":{"line":36,"column":4},"end":{"line":38,"column":5}},"17":{"start":{"line":37,"column":6},"end":{"line":37,"column":80}},"18":{"start":{"line":40,"column":18},"end":{"line":40,"column":72}},"19":{"start":{"line":41,"column":4},"end":{"line":43,"column":5}},"20":{"start":{"line":42,"column":6},"end":{"line":42,"column":82}},"21":{"start":{"line":45,"column":4},"end":{"line":49,"column":5}},"22":{"start":{"line":46,"column":6},"end":{"line":48,"column":9}},"23":{"start":{"line":51,"column":17},"end":{"line":57,"column":6}},"24":{"start":{"line":59,"column":4},"end":{"line":59,"column":38}},"25":{"start":{"line":63,"column":19},"end":{"line":63,"column":29}},"26":{"start":{"line":64,"column":90},"end":{"line":64,"column":98}},"27":{"start":{"line":66,"column":17},"end":{"line":66,"column":57}},"28":{"start":{"line":67,"column":4},"end":{"line":69,"column":5}},"29":{"start":{"line":68,"column":6},"end":{"line":68,"column":82}},"30":{"start":{"line":71,"column":4},"end":{"line":76,"column":5}},"31":{"start":{"line":72,"column":23},"end":{"line":72,"column":68}},"32":{"start":{"line":73,"column":6},"end":{"line":75,"column":7}},"33":{"start":{"line":74,"column":8},"end":{"line":74,"column":76}},"34":{"start":{"line":78,"column":22},"end":{"line":78,"column":97}},"35":{"start":{"line":80,"column":6},"end":{"line":80,"column":87}},"36":{"start":{"line":82,"column":4},"end":{"line":87,"column":5}},"37":{"start":{"line":83,"column":18},"end":{"line":83,"column":56}},"38":{"start":{"line":84,"column":6},"end":{"line":86,"column":7}},"39":{"start":{"line":85,"column":8},"end":{"line":85,"column":82}},"40":{"start":{"line":89,"column":4},"end":{"line":94,"column":5}},"41":{"start":{"line":90,"column":20},"end":{"line":90,"column":61}},"42":{"start":{"line":91,"column":6},"end":{"line":93,"column":7}},"43":{"start":{"line":92,"column":8},"end":{"line":92,"column":84}},"44":{"start":{"line":96,"column":21},"end":{"line":96,"column":59}},"45":{"start":{"line":97,"column":23},"end":{"line":97,"column":64}},"46":{"start":{"line":98,"column":4},"end":{"line":102,"column":5}},"47":{"start":{"line":99,"column":6},"end":{"line":101,"column":9}},"48":{"start":{"line":104,"column":4},"end":{"line":110,"column":7}},"49":{"start":{"line":112,"column":4},"end":{"line":112,"column":38}},"50":{"start":{"line":116,"column":19},"end":{"line":116,"column":29}},"51":{"start":{"line":117,"column":17},"end":{"line":117,"column":57}},"52":{"start":{"line":119,"column":4},"end":{"line":121,"column":5}},"53":{"start":{"line":120,"column":6},"end":{"line":120,"column":82}},"54":{"start":{"line":123,"column":4},"end":{"line":123,"column":25}},"55":{"start":{"line":124,"column":4},"end":{"line":124,"column":34}},"56":{"start":{"line":128,"column":0},"end":{"line":128,"column":39}}},"fnMap":{"0":{"name":"(anonymous_1)","decl":{"start":{"line":9,"column":2},"end":{"line":9,"column":8}},"loc":{"start":{"line":9,"column":54},"end":{"line":18,"column":3}}},"1":{"name":"(anonymous_2)","decl":{"start":{"line":20,"column":2},"end":{"line":20,"column":8}},"loc":{"start":{"line":20,"column":49},"end":{"line":60,"column":3}}},"2":{"name":"(anonymous_3)","decl":{"start":{"line":62,"column":2},"end":{"line":62,"column":8}},"loc":{"start":{"line":62,"column":49},"end":{"line":113,"column":3}}},"3":{"name":"(anonymous_4)","decl":{"start":{"line":115,"column":2},"end":{"line":115,"column":8}},"loc":{"start":{"line":115,"column":49},"end":{"line":125,"column":3}}}},"branchMap":{"0":{"loc":{"start":{"line":13,"column":4},"end":{"line":15,"column":5}},"type":"if","locations":[{"start":{"line":13,"column":4},"end":{"line":15,"column":5}},{"start":{},"end":{}}]},"1":{"loc":{"start":{"line":21,"column":59},"end":{"line":21,"column":73}},"type":"default-arg","locations":[{"start":{"line":21,"column":72},"end":{"line":21,"column":73}}]},"2":{"loc":{"start":{"line":24,"column":4},"end":{"line":28,"column":5}},"type":"if","locations":[{"start":{"line":24,"column":4},"end":{"line":28,"column":5}},{"start":{},"end":{}}]},"3":{"loc":{"start":{"line":24,"column":8},"end":{"line":24,"column":92}},"type":"binary-expr","locations":[{"start":{"line":24,"column":8},"end":{"line":24,"column":20}},{"start":{"line":24,"column":24},"end":{"line":24,"column":39}},{"start":{"line":24,"column":43},"end":{"line":24,"column":60}},{"start":{"line":24,"column":64},"end":{"line":24,"column":92}}]},"4":{"loc":{"start":{"line":31,"column":4},"end":{"line":33,"column":5}},"type":"if","locations":[{"start":{"line":31,"column":4},"end":{"line":33,"column":5}},{"start":{},"end":{}}]},"5":{"loc":{"start":{"line":36,"column":4},"end":{"line":38,"column":5}},"type":"if","locations":[{"start":{"line":36,"column":4},"end":{"line":38,"column":5}},{"start":{},"end":{}}]},"6":{"loc":{"start":{"line":41,"column":4},"end":{"line":43,"column":5}},"type":"if","locations":[{"start":{"line":41,"column":4},"end":{"line":43,"column":5}},{"start":{},"end":{}}]},"7":{"loc":{"start":{"line":45,"column":4},"end":{"line":49,"column":5}},"type":"if","locations":[{"start":{"line":45,"column":4},"end":{"line":49,"column":5}},{"start":{},"end":{}}]},"8":{"loc":{"start":{"line":67,"column":4},"end":{"line":69,"column":5}},"type":"if","locations":[{"start":{"line":67,"column":4},"end":{"line":69,"column":5}},{"start":{},"end":{}}]},"9":{"loc":{"start":{"line":71,"column":4},"end":{"line":76,"column":5}},"type":"if","locations":[{"start":{"line":71,"column":4},"end":{"line":76,"column":5}},{"start":{},"end":{}}]},"10":{"loc":{"start":{"line":73,"column":6},"end":{"line":75,"column":7}},"type":"if","locations":[{"start":{"line":73,"column":6},"end":{"line":75,"column":7}},{"start":{},"end":{}}]},"11":{"loc":{"start":{"line":78,"column":22},"end":{"line":78,"column":97}},"type":"cond-expr","locations":[{"start":{"line":78,"column":53},"end":{"line":78,"column":75}},{"start":{"line":78,"column":78},"end":{"line":78,"column":97}}]},"12":{"loc":{"start":{"line":80,"column":6},"end":{"line":80,"column":87}},"type":"cond-expr","locations":[{"start":{"line":80,"column":39},"end":{"line":80,"column":63}},{"start":{"line":80,"column":66},"end":{"line":80,"column":87}}]},"13":{"loc":{"start":{"line":82,"column":4},"end":{"line":87,"column":5}},"type":"if","locations":[{"start":{"line":82,"column":4},"end":{"line":87,"column":5}},{"start":{},"end":{}}]},"14":{"loc":{"start":{"line":84,"column":6},"end":{"line":86,"column":7}},"type":"if","locations":[{"start":{"line":84,"column":6},"end":{"line":86,"column":7}},{"start":{},"end":{}}]},"15":{"loc":{"start":{"line":89,"column":4},"end":{"line":94,"column":5}},"type":"if","locations":[{"start":{"line":89,"column":4},"end":{"line":94,"column":5}},{"start":{},"end":{}}]},"16":{"loc":{"start":{"line":91,"column":6},"end":{"line":93,"column":7}},"type":"if","locations":[{"start":{"line":91,"column":6},"end":{"line":93,"column":7}},{"start":{},"end":{}}]},"17":{"loc":{"start":{"line":98,"column":4},"end":{"line":102,"column":5}},"type":"if","locations":[{"start":{"line":98,"column":4},"end":{"line":102,"column":5}},{"start":{},"end":{}}]},"18":{"loc":{"start":{"line":98,"column":8},"end":{"line":98,"column":81}},"type":"binary-expr","locations":[{"start":{"line":98,"column":8},"end":{"line":98,"column":17}},{"start":{"line":98,"column":21},"end":{"line":98,"column":32}},{"start":{"line":98,"column":36},"end":{"line":98,"column":81}}]},"19":{"loc":{"start":{"line":105,"column":19},"end":{"line":105,"column":85}},"type":"cond-expr","locations":[{"start":{"line":105,"column":47},"end":{"line":105,"column":66}},{"start":{"line":105,"column":69},"end":{"line":105,"column":85}}]},"20":{"loc":{"start":{"line":108,"column":18},"end":{"line":108,"column":73}},"type":"cond-expr","locations":[{"start":{"line":108,"column":45},"end":{"line":108,"column":55}},{"start":{"line":108,"column":58},"end":{"line":108,"column":73}}]},"21":{"loc":{"start":{"line":109,"column":22},"end":{"line":109,"column":89}},"type":"cond-expr","locations":[{"start":{"line":109,"column":53},"end":{"line":109,"column":67}},{"start":{"line":109,"column":70},"end":{"line":109,"column":89}}]},"22":{"loc":{"start":{"line":119,"column":4},"end":{"line":121,"column":5}},"type":"if","locations":[{"start":{"line":119,"column":4},"end":{"line":121,"column":5}},{"start":{},"end":{}}]}},"s":{"0":1,"1":1,"2":1,"3":1,"4":2,"5":2,"6":2,"7":1,"8":1,"9":6,"10":6,"11":1,"12":5,"13":5,"14":1,"15":4,"16":4,"17":1,"18":3,"19":3,"20":1,"21":2,"22":1,"23":1,"24":1,"25":6,"26":6,"27":6,"28":6,"29":1,"30":5,"31":2,"32":2,"33":1,"34":4,"35":4,"36":4,"37":3,"38":3,"39":1,"40":3,"41":3,"42":3,"43":1,"44":2,"45":2,"46":2,"47":1,"48":1,"49":1,"50":2,"51":2,"52":2,"53":1,"54":1,"55":1,"56":1},"f":{"0":2,"1":6,"2":6,"3":2},"b":{"0":[1,1],"1":[1],"2":[1,5],"3":[6,5,5,5],"4":[1,4],"5":[1,3],"6":[1,2],"7":[1,1],"8":[1,5],"9":[2,3],"10":[1,1],"11":[3,1],"12":[3,1],"13":[3,1],"14":[1,2],"15":[3,0],"16":[1,2],"17":[1,1],"18":[2,1,1],"19":[1,0],"20":[1,0],"21":[0,1],"22":[1,1]}}
,"C:\\Integrado2\\agnus-back\\src\\controllers\\carrinhos.controller.ts": {"path":"C:\\Integrado2\\agnus-back\\src\\controllers\\carrinhos.controller.ts","statementMap":{"0":{"start":{"line":2,"column":0},"end":{"line":2,"column":44}},"1":{"start":{"line":3,"column":0},"end":{"line":3,"column":42}},"2":{"start":{"line":7,"column":27},"end":{"line":7,"column":36}},"3":{"start":{"line":8,"column":43},"end":{"line":8,"column":45}},"4":{"start":{"line":10,"column":4},"end":{"line":16,"column":5}},"5":{"start":{"line":11,"column":30},"end":{"line":11,"column":48}},"6":{"start":{"line":12,"column":6},"end":{"line":14,"column":7}},"7":{"start":{"line":13,"column":8},"end":{"line":13,"column":73}},"8":{"start":{"line":15,"column":6},"end":{"line":15,"column":41}},"9":{"start":{"line":18,"column":22},"end":{"line":18,"column":56}},"10":{"start":{"line":19,"column":4},"end":{"line":19,"column":43}},"11":{"start":{"line":23,"column":19},"end":{"line":23,"column":29}},"12":{"start":{"line":24,"column":21},"end":{"line":24,"column":57}},"13":{"start":{"line":26,"column":4},"end":{"line":28,"column":5}},"14":{"start":{"line":27,"column":6},"end":{"line":27,"column":74}},"15":{"start":{"line":30,"column":4},"end":{"line":30,"column":42}},"16":{"start":{"line":34,"column":27},"end":{"line":34,"column":35}},"17":{"start":{"line":36,"column":4},"end":{"line":38,"column":5}},"18":{"start":{"line":37,"column":6},"end":{"line":37,"column":76}},"19":{"start":{"line":40,"column":20},"end":{"line":40,"column":63}},"20":{"start":{"line":41,"column":4},"end":{"line":43,"column":5}},"21":{"start":{"line":42,"column":6},"end":{"line":42,"column":73}},"22":{"start":{"line":45,"column":21},"end":{"line":47,"column":6}},"23":{"start":{"line":49,"column":4},"end":{"line":49,"column":42}},"24":{"start":{"line":53,"column":19},"end":{"line":53,"column":29}},"25":{"start":{"line":54,"column":27},"end":{"line":54,"column":35}},"26":{"start":{"line":56,"column":21},"end":{"line":56,"column":57}},"27":{"start":{"line":57,"column":4},"end":{"line":59,"column":5}},"28":{"start":{"line":58,"column":6},"end":{"line":58,"column":74}},"29":{"start":{"line":61,"column":4},"end":{"line":66,"column":5}},"30":{"start":{"line":62,"column":22},"end":{"line":62,"column":65}},"31":{"start":{"line":63,"column":6},"end":{"line":65,"column":7}},"32":{"start":{"line":64,"column":8},"end":{"line":64,"column":75}},"33":{"start":{"line":68,"column":4},"end":{"line":70,"column":7}},"34":{"start":{"line":72,"column":4},"end":{"line":72,"column":42}},"35":{"start":{"line":76,"column":19},"end":{"line":76,"column":29}},"36":{"start":{"line":77,"column":21},"end":{"line":77,"column":57}},"37":{"start":{"line":79,"column":4},"end":{"line":81,"column":5}},"38":{"start":{"line":80,"column":6},"end":{"line":80,"column":74}},"39":{"start":{"line":83,"column":4},"end":{"line":83,"column":29}},"40":{"start":{"line":84,"column":4},"end":{"line":84,"column":34}},"41":{"start":{"line":88,"column":0},"end":{"line":88,"column":35}}},"fnMap":{"0":{"name":"(anonymous_1)","decl":{"start":{"line":6,"column":2},"end":{"line":6,"column":8}},"loc":{"start":{"line":6,"column":50},"end":{"line":20,"column":3}}},"1":{"name":"(anonymous_2)","decl":{"start":{"line":22,"column":2},"end":{"line":22,"column":8}},"loc":{"start":{"line":22,"column":50},"end":{"line":31,"column":3}}},"2":{"name":"(anonymous_3)","decl":{"start":{"line":33,"column":2},"end":{"line":33,"column":8}},"loc":{"start":{"line":33,"column":49},"end":{"line":50,"column":3}}},"3":{"name":"(anonymous_4)","decl":{"start":{"line":52,"column":2},"end":{"line":52,"column":8}},"loc":{"start":{"line":52,"column":49},"end":{"line":73,"column":3}}},"4":{"name":"(anonymous_5)","decl":{"start":{"line":75,"column":2},"end":{"line":75,"column":8}},"loc":{"start":{"line":75,"column":49},"end":{"line":85,"column":3}}}},"branchMap":{"0":{"loc":{"start":{"line":10,"column":4},"end":{"line":16,"column":5}},"type":"if","locations":[{"start":{"line":10,"column":4},"end":{"line":16,"column":5}},{"start":{},"end":{}}]},"1":{"loc":{"start":{"line":12,"column":6},"end":{"line":14,"column":7}},"type":"if","locations":[{"start":{"line":12,"column":6},"end":{"line":14,"column":7}},{"start":{},"end":{}}]},"2":{"loc":{"start":{"line":26,"column":4},"end":{"line":28,"column":5}},"type":"if","locations":[{"start":{"line":26,"column":4},"end":{"line":28,"column":5}},{"start":{},"end":{}}]},"3":{"loc":{"start":{"line":36,"column":4},"end":{"line":38,"column":5}},"type":"if","locations":[{"start":{"line":36,"column":4},"end":{"line":38,"column":5}},{"start":{},"end":{}}]},"4":{"loc":{"start":{"line":41,"column":4},"end":{"line":43,"column":5}},"type":"if","locations":[{"start":{"line":41,"column":4},"end":{"line":43,"column":5}},{"start":{},"end":{}}]},"5":{"loc":{"start":{"line":57,"column":4},"end":{"line":59,"column":5}},"type":"if","locations":[{"start":{"line":57,"column":4},"end":{"line":59,"column":5}},{"start":{},"end":{}}]},"6":{"loc":{"start":{"line":61,"column":4},"end":{"line":66,"column":5}},"type":"if","locations":[{"start":{"line":61,"column":4},"end":{"line":66,"column":5}},{"start":{},"end":{}}]},"7":{"loc":{"start":{"line":63,"column":6},"end":{"line":65,"column":7}},"type":"if","locations":[{"start":{"line":63,"column":6},"end":{"line":65,"column":7}},{"start":{},"end":{}}]},"8":{"loc":{"start":{"line":69,"column":18},"end":{"line":69,"column":85}},"type":"cond-expr","locations":[{"start":{"line":69,"column":45},"end":{"line":69,"column":63}},{"start":{"line":69,"column":66},"end":{"line":69,"column":85}}]},"9":{"loc":{"start":{"line":79,"column":4},"end":{"line":81,"column":5}},"type":"if","locations":[{"start":{"line":79,"column":4},"end":{"line":81,"column":5}},{"start":{},"end":{}}]}},"s":{"0":1,"1":1,"2":2,"3":2,"4":2,"5":2,"6":2,"7":1,"8":1,"9":1,"10":1,"11":2,"12":2,"13":2,"14":1,"15":1,"16":3,"17":3,"18":1,"19":2,"20":2,"21":1,"22":1,"23":1,"24":3,"25":3,"26":3,"27":3,"28":1,"29":2,"30":2,"31":2,"32":1,"33":1,"34":1,"35":2,"36":2,"37":2,"38":1,"39":1,"40":1,"41":1},"f":{"0":2,"1":2,"2":3,"3":3,"4":2},"b":{"0":[2,0],"1":[1,1],"2":[1,1],"3":[1,2],"4":[1,1],"5":[1,2],"6":[2,0],"7":[1,1],"8":[1,0],"9":[1,1]}}
,"C:\\Integrado2\\agnus-back\\src\\controllers\\categorias.controller.ts": {"path":"C:\\Integrado2\\agnus-back\\src\\controllers\\categorias.controller.ts","statementMap":{"0":{"start":{"line":2,"column":0},"end":{"line":2,"column":46}},"1":{"start":{"line":6,"column":23},"end":{"line":6,"column":49}},"2":{"start":{"line":7,"column":4},"end":{"line":7,"column":44}},"3":{"start":{"line":11,"column":19},"end":{"line":11,"column":29}},"4":{"start":{"line":12,"column":22},"end":{"line":12,"column":59}},"5":{"start":{"line":14,"column":4},"end":{"line":16,"column":5}},"6":{"start":{"line":15,"column":6},"end":{"line":15,"column":75}},"7":{"start":{"line":18,"column":4},"end":{"line":18,"column":43}},"8":{"start":{"line":22,"column":21},"end":{"line":22,"column":35}},"9":{"start":{"line":24,"column":4},"end":{"line":26,"column":5}},"10":{"start":{"line":25,"column":6},"end":{"line":25,"column":70}},"11":{"start":{"line":28,"column":31},"end":{"line":28,"column":76}},"12":{"start":{"line":29,"column":4},"end":{"line":31,"column":5}},"13":{"start":{"line":30,"column":6},"end":{"line":30,"column":85}},"14":{"start":{"line":33,"column":22},"end":{"line":33,"column":55}},"15":{"start":{"line":34,"column":4},"end":{"line":34,"column":43}},"16":{"start":{"line":38,"column":19},"end":{"line":38,"column":29}},"17":{"start":{"line":39,"column":21},"end":{"line":39,"column":35}},"18":{"start":{"line":41,"column":22},"end":{"line":41,"column":59}},"19":{"start":{"line":42,"column":4},"end":{"line":44,"column":5}},"20":{"start":{"line":43,"column":6},"end":{"line":43,"column":75}},"21":{"start":{"line":46,"column":4},"end":{"line":51,"column":5}},"22":{"start":{"line":47,"column":33},"end":{"line":47,"column":78}},"23":{"start":{"line":48,"column":6},"end":{"line":50,"column":7}},"24":{"start":{"line":49,"column":8},"end":{"line":49,"column":87}},"25":{"start":{"line":53,"column":4},"end":{"line":55,"column":7}},"26":{"start":{"line":57,"column":4},"end":{"line":57,"column":43}},"27":{"start":{"line":61,"column":19},"end":{"line":61,"column":29}},"28":{"start":{"line":62,"column":22},"end":{"line":62,"column":59}},"29":{"start":{"line":64,"column":4},"end":{"line":66,"column":5}},"30":{"start":{"line":65,"column":6},"end":{"line":65,"column":75}},"31":{"start":{"line":68,"column":4},"end":{"line":68,"column":30}},"32":{"start":{"line":69,"column":4},"end":{"line":69,"column":34}},"33":{"start":{"line":73,"column":0},"end":{"line":73,"column":36}}},"fnMap":{"0":{"name":"(anonymous_1)","decl":{"start":{"line":5,"column":2},"end":{"line":5,"column":8}},"loc":{"start":{"line":5,"column":50},"end":{"line":8,"column":3}}},"1":{"name":"(anonymous_2)","decl":{"start":{"line":10,"column":2},"end":{"line":10,"column":8}},"loc":{"start":{"line":10,"column":50},"end":{"line":19,"column":3}}},"2":{"name":"(anonymous_3)","decl":{"start":{"line":21,"column":2},"end":{"line":21,"column":8}},"loc":{"start":{"line":21,"column":49},"end":{"line":35,"column":3}}},"3":{"name":"(anonymous_4)","decl":{"start":{"line":37,"column":2},"end":{"line":37,"column":8}},"loc":{"start":{"line":37,"column":49},"end":{"line":58,"column":3}}},"4":{"name":"(anonymous_5)","decl":{"start":{"line":60,"column":2},"end":{"line":60,"column":8}},"loc":{"start":{"line":60,"column":49},"end":{"line":70,"column":3}}}},"branchMap":{"0":{"loc":{"start":{"line":14,"column":4},"end":{"line":16,"column":5}},"type":"if","locations":[{"start":{"line":14,"column":4},"end":{"line":16,"column":5}},{"start":{},"end":{}}]},"1":{"loc":{"start":{"line":22,"column":21},"end":{"line":22,"column":35}},"type":"binary-expr","locations":[{"start":{"line":22,"column":21},"end":{"line":22,"column":29}},{"start":{"line":22,"column":33},"end":{"line":22,"column":35}}]},"2":{"loc":{"start":{"line":24,"column":4},"end":{"line":26,"column":5}},"type":"if","locations":[{"start":{"line":24,"column":4},"end":{"line":26,"column":5}},{"start":{},"end":{}}]},"3":{"loc":{"start":{"line":29,"column":4},"end":{"line":31,"column":5}},"type":"if","locations":[{"start":{"line":29,"column":4},"end":{"line":31,"column":5}},{"start":{},"end":{}}]},"4":{"loc":{"start":{"line":39,"column":21},"end":{"line":39,"column":35}},"type":"binary-expr","locations":[{"start":{"line":39,"column":21},"end":{"line":39,"column":29}},{"start":{"line":39,"column":33},"end":{"line":39,"column":35}}]},"5":{"loc":{"start":{"line":42,"column":4},"end":{"line":44,"column":5}},"type":"if","locations":[{"start":{"line":42,"column":4},"end":{"line":44,"column":5}},{"start":{},"end":{}}]},"6":{"loc":{"start":{"line":46,"column":4},"end":{"line":51,"column":5}},"type":"if","locations":[{"start":{"line":46,"column":4},"end":{"line":51,"column":5}},{"start":{},"end":{}}]},"7":{"loc":{"start":{"line":46,"column":8},"end":{"line":46,"column":53}},"type":"binary-expr","locations":[{"start":{"line":46,"column":8},"end":{"line":46,"column":26}},{"start":{"line":46,"column":30},"end":{"line":46,"column":53}}]},"8":{"loc":{"start":{"line":48,"column":6},"end":{"line":50,"column":7}},"type":"if","locations":[{"start":{"line":48,"column":6},"end":{"line":50,"column":7}},{"start":{},"end":{}}]},"9":{"loc":{"start":{"line":54,"column":12},"end":{"line":54,"column":34}},"type":"binary-expr","locations":[{"start":{"line":54,"column":12},"end":{"line":54,"column":16}},{"start":{"line":54,"column":20},"end":{"line":54,"column":34}}]},"10":{"loc":{"start":{"line":64,"column":4},"end":{"line":66,"column":5}},"type":"if","locations":[{"start":{"line":64,"column":4},"end":{"line":66,"column":5}},{"start":{},"end":{}}]}},"s":{"0":1,"1":1,"2":1,"3":2,"4":2,"5":2,"6":1,"7":1,"8":3,"9":3,"10":1,"11":2,"12":2,"13":1,"14":1,"15":1,"16":3,"17":3,"18":3,"19":3,"20":1,"21":2,"22":2,"23":2,"24":1,"25":1,"26":1,"27":2,"28":2,"29":2,"30":1,"31":1,"32":1,"33":1},"f":{"0":1,"1":2,"2":3,"3":3,"4":2},"b":{"0":[1,1],"1":[3,0],"2":[1,2],"3":[1,1],"4":[3,0],"5":[1,2],"6":[2,0],"7":[2,2],"8":[1,1],"9":[1,0],"10":[1,1]}}
,"C:\\Integrado2\\agnus-back\\src\\controllers\\pedidoItens.controller.ts": {"path":"C:\\Integrado2\\agnus-back\\src\\controllers\\pedidoItens.controller.ts","statementMap":{"0":{"start":{"line":2,"column":0},"end":{"line":2,"column":48}},"1":{"start":{"line":3,"column":0},"end":{"line":3,"column":40}},"2":{"start":{"line":4,"column":0},"end":{"line":4,"column":50}},"3":{"start":{"line":5,"column":0},"end":{"line":5,"column":52}},"4":{"start":{"line":10,"column":25},"end":{"line":10,"column":35}},"5":{"start":{"line":11,"column":17},"end":{"line":11,"column":86}},"6":{"start":{"line":13,"column":4},"end":{"line":15,"column":5}},"7":{"start":{"line":14,"column":6},"end":{"line":14,"column":80}},"8":{"start":{"line":17,"column":4},"end":{"line":17,"column":38}},"9":{"start":{"line":21,"column":88},"end":{"line":21,"column":96}},"10":{"start":{"line":23,"column":4},"end":{"line":27,"column":5}},"11":{"start":{"line":24,"column":6},"end":{"line":26,"column":9}},"12":{"start":{"line":29,"column":19},"end":{"line":29,"column":60}},"13":{"start":{"line":30,"column":4},"end":{"line":32,"column":5}},"14":{"start":{"line":31,"column":6},"end":{"line":31,"column":72}},"15":{"start":{"line":34,"column":16},"end":{"line":34,"column":67}},"16":{"start":{"line":35,"column":4},"end":{"line":37,"column":5}},"17":{"start":{"line":36,"column":6},"end":{"line":36,"column":80}},"18":{"start":{"line":39,"column":18},"end":{"line":39,"column":72}},"19":{"start":{"line":40,"column":4},"end":{"line":42,"column":5}},"20":{"start":{"line":41,"column":6},"end":{"line":41,"column":82}},"21":{"start":{"line":44,"column":4},"end":{"line":48,"column":5}},"22":{"start":{"line":45,"column":6},"end":{"line":47,"column":9}},"23":{"start":{"line":50,"column":17},"end":{"line":56,"column":6}},"24":{"start":{"line":58,"column":4},"end":{"line":58,"column":38}},"25":{"start":{"line":62,"column":19},"end":{"line":62,"column":29}},"26":{"start":{"line":63,"column":88},"end":{"line":63,"column":96}},"27":{"start":{"line":65,"column":17},"end":{"line":65,"column":55}},"28":{"start":{"line":66,"column":4},"end":{"line":68,"column":5}},"29":{"start":{"line":67,"column":6},"end":{"line":67,"column":80}},"30":{"start":{"line":70,"column":4},"end":{"line":75,"column":5}},"31":{"start":{"line":71,"column":21},"end":{"line":71,"column":62}},"32":{"start":{"line":72,"column":6},"end":{"line":74,"column":7}},"33":{"start":{"line":73,"column":8},"end":{"line":73,"column":74}},"34":{"start":{"line":77,"column":22},"end":{"line":77,"column":97}},"35":{"start":{"line":79,"column":6},"end":{"line":79,"column":87}},"36":{"start":{"line":81,"column":4},"end":{"line":86,"column":5}},"37":{"start":{"line":82,"column":18},"end":{"line":82,"column":56}},"38":{"start":{"line":83,"column":6},"end":{"line":85,"column":7}},"39":{"start":{"line":84,"column":8},"end":{"line":84,"column":82}},"40":{"start":{"line":88,"column":4},"end":{"line":93,"column":5}},"41":{"start":{"line":89,"column":20},"end":{"line":89,"column":61}},"42":{"start":{"line":90,"column":6},"end":{"line":92,"column":7}},"43":{"start":{"line":91,"column":8},"end":{"line":91,"column":84}},"44":{"start":{"line":95,"column":21},"end":{"line":95,"column":59}},"45":{"start":{"line":96,"column":23},"end":{"line":96,"column":64}},"46":{"start":{"line":97,"column":4},"end":{"line":101,"column":5}},"47":{"start":{"line":98,"column":6},"end":{"line":100,"column":9}},"48":{"start":{"line":103,"column":4},"end":{"line":109,"column":7}},"49":{"start":{"line":111,"column":4},"end":{"line":111,"column":38}},"50":{"start":{"line":115,"column":19},"end":{"line":115,"column":29}},"51":{"start":{"line":116,"column":17},"end":{"line":116,"column":55}},"52":{"start":{"line":118,"column":4},"end":{"line":120,"column":5}},"53":{"start":{"line":119,"column":6},"end":{"line":119,"column":80}},"54":{"start":{"line":122,"column":4},"end":{"line":122,"column":25}},"55":{"start":{"line":123,"column":4},"end":{"line":123,"column":34}},"56":{"start":{"line":127,"column":0},"end":{"line":127,"column":37}}},"fnMap":{"0":{"name":"(anonymous_1)","decl":{"start":{"line":9,"column":2},"end":{"line":9,"column":8}},"loc":{"start":{"line":9,"column":55},"end":{"line":18,"column":3}}},"1":{"name":"(anonymous_2)","decl":{"start":{"line":20,"column":2},"end":{"line":20,"column":8}},"loc":{"start":{"line":20,"column":49},"end":{"line":59,"column":3}}},"2":{"name":"(anonymous_3)","decl":{"start":{"line":61,"column":2},"end":{"line":61,"column":8}},"loc":{"start":{"line":61,"column":49},"end":{"line":112,"column":3}}},"3":{"name":"(anonymous_4)","decl":{"start":{"line":114,"column":2},"end":{"line":114,"column":8}},"loc":{"start":{"line":114,"column":49},"end":{"line":124,"column":3}}}},"branchMap":{"0":{"loc":{"start":{"line":13,"column":4},"end":{"line":15,"column":5}},"type":"if","locations":[{"start":{"line":13,"column":4},"end":{"line":15,"column":5}},{"start":{},"end":{}}]},"1":{"loc":{"start":{"line":23,"column":4},"end":{"line":27,"column":5}},"type":"if","locations":[{"start":{"line":23,"column":4},"end":{"line":27,"column":5}},{"start":{},"end":{}}]},"2":{"loc":{"start":{"line":23,"column":8},"end":{"line":23,"column":105}},"type":"binary-expr","locations":[{"start":{"line":23,"column":8},"end":{"line":23,"column":18}},{"start":{"line":23,"column":22},"end":{"line":23,"column":37}},{"start":{"line":23,"column":41},"end":{"line":23,"column":58}},{"start":{"line":23,"column":62},"end":{"line":23,"column":73}},{"start":{"line":23,"column":77},"end":{"line":23,"column":105}}]},"3":{"loc":{"start":{"line":30,"column":4},"end":{"line":32,"column":5}},"type":"if","locations":[{"start":{"line":30,"column":4},"end":{"line":32,"column":5}},{"start":{},"end":{}}]},"4":{"loc":{"start":{"line":35,"column":4},"end":{"line":37,"column":5}},"type":"if","locations":[{"start":{"line":35,"column":4},"end":{"line":37,"column":5}},{"start":{},"end":{}}]},"5":{"loc":{"start":{"line":40,"column":4},"end":{"line":42,"column":5}},"type":"if","locations":[{"start":{"line":40,"column":4},"end":{"line":42,"column":5}},{"start":{},"end":{}}]},"6":{"loc":{"start":{"line":44,"column":4},"end":{"line":48,"column":5}},"type":"if","locations":[{"start":{"line":44,"column":4},"end":{"line":48,"column":5}},{"start":{},"end":{}}]},"7":{"loc":{"start":{"line":66,"column":4},"end":{"line":68,"column":5}},"type":"if","locations":[{"start":{"line":66,"column":4},"end":{"line":68,"column":5}},{"start":{},"end":{}}]},"8":{"loc":{"start":{"line":70,"column":4},"end":{"line":75,"column":5}},"type":"if","locations":[{"start":{"line":70,"column":4},"end":{"line":75,"column":5}},{"start":{},"end":{}}]},"9":{"loc":{"start":{"line":72,"column":6},"end":{"line":74,"column":7}},"type":"if","locations":[{"start":{"line":72,"column":6},"end":{"line":74,"column":7}},{"start":{},"end":{}}]},"10":{"loc":{"start":{"line":77,"column":22},"end":{"line":77,"column":97}},"type":"cond-expr","locations":[{"start":{"line":77,"column":53},"end":{"line":77,"column":75}},{"start":{"line":77,"column":78},"end":{"line":77,"column":97}}]},"11":{"loc":{"start":{"line":79,"column":6},"end":{"line":79,"column":87}},"type":"cond-expr","locations":[{"start":{"line":79,"column":39},"end":{"line":79,"column":63}},{"start":{"line":79,"column":66},"end":{"line":79,"column":87}}]},"12":{"loc":{"start":{"line":81,"column":4},"end":{"line":86,"column":5}},"type":"if","locations":[{"start":{"line":81,"column":4},"end":{"line":86,"column":5}},{"start":{},"end":{}}]},"13":{"loc":{"start":{"line":83,"column":6},"end":{"line":85,"column":7}},"type":"if","locations":[{"start":{"line":83,"column":6},"end":{"line":85,"column":7}},{"start":{},"end":{}}]},"14":{"loc":{"start":{"line":88,"column":4},"end":{"line":93,"column":5}},"type":"if","locations":[{"start":{"line":88,"column":4},"end":{"line":93,"column":5}},{"start":{},"end":{}}]},"15":{"loc":{"start":{"line":90,"column":6},"end":{"line":92,"column":7}},"type":"if","locations":[{"start":{"line":90,"column":6},"end":{"line":92,"column":7}},{"start":{},"end":{}}]},"16":{"loc":{"start":{"line":97,"column":4},"end":{"line":101,"column":5}},"type":"if","locations":[{"start":{"line":97,"column":4},"end":{"line":101,"column":5}},{"start":{},"end":{}}]},"17":{"loc":{"start":{"line":97,"column":8},"end":{"line":97,"column":81}},"type":"binary-expr","locations":[{"start":{"line":97,"column":8},"end":{"line":97,"column":17}},{"start":{"line":97,"column":21},"end":{"line":97,"column":32}},{"start":{"line":97,"column":36},"end":{"line":97,"column":81}}]},"18":{"loc":{"start":{"line":104,"column":17},"end":{"line":104,"column":77}},"type":"cond-expr","locations":[{"start":{"line":104,"column":43},"end":{"line":104,"column":60}},{"start":{"line":104,"column":63},"end":{"line":104,"column":77}}]},"19":{"loc":{"start":{"line":107,"column":18},"end":{"line":107,"column":81}},"type":"cond-expr","locations":[{"start":{"line":107,"column":45},"end":{"line":107,"column":63}},{"start":{"line":107,"column":66},"end":{"line":107,"column":81}}]},"20":{"loc":{"start":{"line":108,"column":22},"end":{"line":108,"column":89}},"type":"cond-expr","locations":[{"start":{"line":108,"column":53},"end":{"line":108,"column":67}},{"start":{"line":108,"column":70},"end":{"line":108,"column":89}}]},"21":{"loc":{"start":{"line":118,"column":4},"end":{"line":120,"column":5}},"type":"if","locations":[{"start":{"line":118,"column":4},"end":{"line":120,"column":5}},{"start":{},"end":{}}]}},"s":{"0":1,"1":1,"2":1,"3":1,"4":2,"5":2,"6":2,"7":1,"8":1,"9":6,"10":6,"11":1,"12":5,"13":5,"14":1,"15":4,"16":4,"17":1,"18":3,"19":3,"20":1,"21":2,"22":1,"23":1,"24":1,"25":6,"26":6,"27":6,"28":6,"29":1,"30":5,"31":2,"32":2,"33":1,"34":4,"35":4,"36":4,"37":3,"38":3,"39":1,"40":3,"41":3,"42":3,"43":1,"44":2,"45":2,"46":2,"47":1,"48":1,"49":1,"50":2,"51":2,"52":2,"53":1,"54":1,"55":1,"56":1},"f":{"0":2,"1":6,"2":6,"3":2},"b":{"0":[1,1],"1":[1,5],"2":[6,5,5,5,5],"3":[1,4],"4":[1,3],"5":[1,2],"6":[1,1],"7":[1,5],"8":[2,3],"9":[1,1],"10":[3,1],"11":[3,1],"12":[3,1],"13":[1,2],"14":[3,0],"15":[1,2],"16":[1,1],"17":[2,1,1],"18":[1,0],"19":[1,0],"20":[0,1],"21":[1,1]}}
,"C:\\Integrado2\\agnus-back\\src\\controllers\\pedidos.controller.ts": {"path":"C:\\Integrado2\\agnus-back\\src\\controllers\\pedidos.controller.ts","statementMap":{"0":{"start":{"line":2,"column":0},"end":{"line":2,"column":40}},"1":{"start":{"line":3,"column":0},"end":{"line":3,"column":58}},"2":{"start":{"line":4,"column":0},"end":{"line":4,"column":42}},"3":{"start":{"line":7,"column":43},"end":{"line":14,"column":4}},"4":{"start":{"line":17,"column":35},"end":{"line":17,"column":44}},"5":{"start":{"line":18,"column":60},"end":{"line":18,"column":62}},"6":{"start":{"line":20,"column":4},"end":{"line":26,"column":5}},"7":{"start":{"line":21,"column":30},"end":{"line":21,"column":48}},"8":{"start":{"line":22,"column":6},"end":{"line":24,"column":7}},"9":{"start":{"line":23,"column":8},"end":{"line":23,"column":73}},"10":{"start":{"line":25,"column":6},"end":{"line":25,"column":41}},"11":{"start":{"line":28,"column":4},"end":{"line":34,"column":5}},"12":{"start":{"line":29,"column":31},"end":{"line":29,"column":45}},"13":{"start":{"line":30,"column":6},"end":{"line":32,"column":7}},"14":{"start":{"line":31,"column":8},"end":{"line":31,"column":69}},"15":{"start":{"line":33,"column":6},"end":{"line":33,"column":38}},"16":{"start":{"line":36,"column":20},"end":{"line":36,"column":52}},"17":{"start":{"line":37,"column":4},"end":{"line":37,"column":41}},"18":{"start":{"line":41,"column":19},"end":{"line":41,"column":29}},"19":{"start":{"line":42,"column":19},"end":{"line":42,"column":53}},"20":{"start":{"line":44,"column":4},"end":{"line":46,"column":5}},"21":{"start":{"line":45,"column":6},"end":{"line":45,"column":72}},"22":{"start":{"line":48,"column":4},"end":{"line":48,"column":40}},"23":{"start":{"line":58,"column":8},"end":{"line":58,"column":16}},"24":{"start":{"line":60,"column":4},"end":{"line":64,"column":5}},"25":{"start":{"line":61,"column":6},"end":{"line":63,"column":9}},"26":{"start":{"line":66,"column":4},"end":{"line":68,"column":5}},"27":{"start":{"line":67,"column":6},"end":{"line":67,"column":67}},"28":{"start":{"line":70,"column":20},"end":{"line":70,"column":63}},"29":{"start":{"line":71,"column":4},"end":{"line":73,"column":5}},"30":{"start":{"line":72,"column":6},"end":{"line":72,"column":73}},"31":{"start":{"line":75,"column":21},"end":{"line":75,"column":81}},"32":{"start":{"line":76,"column":4},"end":{"line":78,"column":5}},"33":{"start":{"line":77,"column":6},"end":{"line":77,"column":85}},"34":{"start":{"line":80,"column":4},"end":{"line":84,"column":5}},"35":{"start":{"line":81,"column":6},"end":{"line":83,"column":9}},"36":{"start":{"line":86,"column":19},"end":{"line":92,"column":6}},"37":{"start":{"line":94,"column":4},"end":{"line":94,"column":40}},"38":{"start":{"line":98,"column":19},"end":{"line":98,"column":29}},"39":{"start":{"line":99,"column":82},"end":{"line":99,"column":90}},"40":{"start":{"line":101,"column":19},"end":{"line":101,"column":53}},"41":{"start":{"line":102,"column":4},"end":{"line":104,"column":5}},"42":{"start":{"line":103,"column":6},"end":{"line":103,"column":72}},"43":{"start":{"line":106,"column":4},"end":{"line":108,"column":5}},"44":{"start":{"line":107,"column":6},"end":{"line":107,"column":67}},"45":{"start":{"line":110,"column":26},"end":{"line":110,"column":91}},"46":{"start":{"line":112,"column":6},"end":{"line":114,"column":36}},"47":{"start":{"line":116,"column":4},"end":{"line":121,"column":5}},"48":{"start":{"line":117,"column":22},"end":{"line":117,"column":60}},"49":{"start":{"line":118,"column":6},"end":{"line":120,"column":7}},"50":{"start":{"line":119,"column":8},"end":{"line":119,"column":75}},"51":{"start":{"line":123,"column":4},"end":{"line":128,"column":5}},"52":{"start":{"line":124,"column":23},"end":{"line":124,"column":77}},"53":{"start":{"line":125,"column":6},"end":{"line":127,"column":7}},"54":{"start":{"line":126,"column":8},"end":{"line":126,"column":87}},"55":{"start":{"line":130,"column":26},"end":{"line":130,"column":80}},"56":{"start":{"line":131,"column":4},"end":{"line":135,"column":5}},"57":{"start":{"line":132,"column":6},"end":{"line":134,"column":9}},"58":{"start":{"line":137,"column":4},"end":{"line":143,"column":7}},"59":{"start":{"line":145,"column":4},"end":{"line":145,"column":40}},"60":{"start":{"line":149,"column":19},"end":{"line":149,"column":29}},"61":{"start":{"line":150,"column":19},"end":{"line":150,"column":53}},"62":{"start":{"line":152,"column":4},"end":{"line":154,"column":5}},"63":{"start":{"line":153,"column":6},"end":{"line":153,"column":72}},"64":{"start":{"line":156,"column":4},"end":{"line":156,"column":27}},"65":{"start":{"line":157,"column":4},"end":{"line":157,"column":34}},"66":{"start":{"line":161,"column":0},"end":{"line":161,"column":33}}},"fnMap":{"0":{"name":"(anonymous_1)","decl":{"start":{"line":16,"column":2},"end":{"line":16,"column":8}},"loc":{"start":{"line":16,"column":50},"end":{"line":38,"column":3}}},"1":{"name":"(anonymous_2)","decl":{"start":{"line":40,"column":2},"end":{"line":40,"column":8}},"loc":{"start":{"line":40,"column":50},"end":{"line":49,"column":3}}},"2":{"name":"(anonymous_3)","decl":{"start":{"line":51,"column":2},"end":{"line":51,"column":8}},"loc":{"start":{"line":51,"column":49},"end":{"line":95,"column":3}}},"3":{"name":"(anonymous_4)","decl":{"start":{"line":97,"column":2},"end":{"line":97,"column":8}},"loc":{"start":{"line":97,"column":49},"end":{"line":146,"column":3}}},"4":{"name":"(anonymous_5)","decl":{"start":{"line":148,"column":2},"end":{"line":148,"column":8}},"loc":{"start":{"line":148,"column":49},"end":{"line":158,"column":3}}}},"branchMap":{"0":{"loc":{"start":{"line":20,"column":4},"end":{"line":26,"column":5}},"type":"if","locations":[{"start":{"line":20,"column":4},"end":{"line":26,"column":5}},{"start":{},"end":{}}]},"1":{"loc":{"start":{"line":22,"column":6},"end":{"line":24,"column":7}},"type":"if","locations":[{"start":{"line":22,"column":6},"end":{"line":24,"column":7}},{"start":{},"end":{}}]},"2":{"loc":{"start":{"line":28,"column":4},"end":{"line":34,"column":5}},"type":"if","locations":[{"start":{"line":28,"column":4},"end":{"line":34,"column":5}},{"start":{},"end":{}}]},"3":{"loc":{"start":{"line":30,"column":6},"end":{"line":32,"column":7}},"type":"if","locations":[{"start":{"line":30,"column":6},"end":{"line":32,"column":7}},{"start":{},"end":{}}]},"4":{"loc":{"start":{"line":44,"column":4},"end":{"line":46,"column":5}},"type":"if","locations":[{"start":{"line":44,"column":4},"end":{"line":46,"column":5}},{"start":{},"end":{}}]},"5":{"loc":{"start":{"line":55,"column":6},"end":{"line":55,"column":37}},"type":"default-arg","locations":[{"start":{"line":55,"column":15},"end":{"line":55,"column":37}}]},"6":{"loc":{"start":{"line":56,"column":6},"end":{"line":56,"column":21}},"type":"default-arg","locations":[{"start":{"line":56,"column":20},"end":{"line":56,"column":21}}]},"7":{"loc":{"start":{"line":57,"column":6},"end":{"line":57,"column":24}},"type":"default-arg","locations":[{"start":{"line":57,"column":20},"end":{"line":57,"column":24}}]},"8":{"loc":{"start":{"line":60,"column":4},"end":{"line":64,"column":5}},"type":"if","locations":[{"start":{"line":60,"column":4},"end":{"line":64,"column":5}},{"start":{},"end":{}}]},"9":{"loc":{"start":{"line":60,"column":8},"end":{"line":60,"column":43}},"type":"binary-expr","locations":[{"start":{"line":60,"column":8},"end":{"line":60,"column":19}},{"start":{"line":60,"column":23},"end":{"line":60,"column":43}}]},"10":{"loc":{"start":{"line":66,"column":4},"end":{"line":68,"column":5}},"type":"if","locations":[{"start":{"line":66,"column":4},"end":{"line":68,"column":5}},{"start":{},"end":{}}]},"11":{"loc":{"start":{"line":71,"column":4},"end":{"line":73,"column":5}},"type":"if","locations":[{"start":{"line":71,"column":4},"end":{"line":73,"column":5}},{"start":{},"end":{}}]},"12":{"loc":{"start":{"line":76,"column":4},"end":{"line":78,"column":5}},"type":"if","locations":[{"start":{"line":76,"column":4},"end":{"line":78,"column":5}},{"start":{},"end":{}}]},"13":{"loc":{"start":{"line":80,"column":4},"end":{"line":84,"column":5}},"type":"if","locations":[{"start":{"line":80,"column":4},"end":{"line":84,"column":5}},{"start":{},"end":{}}]},"14":{"loc":{"start":{"line":102,"column":4},"end":{"line":104,"column":5}},"type":"if","locations":[{"start":{"line":102,"column":4},"end":{"line":104,"column":5}},{"start":{},"end":{}}]},"15":{"loc":{"start":{"line":106,"column":4},"end":{"line":108,"column":5}},"type":"if","locations":[{"start":{"line":106,"column":4},"end":{"line":108,"column":5}},{"start":{},"end":{}}]},"16":{"loc":{"start":{"line":106,"column":8},"end":{"line":106,"column":82}},"type":"binary-expr","locations":[{"start":{"line":106,"column":8},"end":{"line":106,"column":28}},{"start":{"line":106,"column":32},"end":{"line":106,"column":82}}]},"17":{"loc":{"start":{"line":110,"column":26},"end":{"line":110,"column":91}},"type":"cond-expr","locations":[{"start":{"line":110,"column":53},"end":{"line":110,"column":71}},{"start":{"line":110,"column":74},"end":{"line":110,"column":91}}]},"18":{"loc":{"start":{"line":112,"column":6},"end":{"line":114,"column":36}},"type":"cond-expr","locations":[{"start":{"line":113,"column":10},"end":{"line":113,"column":37}},{"start":{"line":114,"column":10},"end":{"line":114,"column":36}}]},"19":{"loc":{"start":{"line":116,"column":4},"end":{"line":121,"column":5}},"type":"if","locations":[{"start":{"line":116,"column":4},"end":{"line":121,"column":5}},{"start":{},"end":{}}]},"20":{"loc":{"start":{"line":118,"column":6},"end":{"line":120,"column":7}},"type":"if","locations":[{"start":{"line":118,"column":6},"end":{"line":120,"column":7}},{"start":{},"end":{}}]},"21":{"loc":{"start":{"line":123,"column":4},"end":{"line":128,"column":5}},"type":"if","locations":[{"start":{"line":123,"column":4},"end":{"line":128,"column":5}},{"start":{},"end":{}}]},"22":{"loc":{"start":{"line":125,"column":6},"end":{"line":127,"column":7}},"type":"if","locations":[{"start":{"line":125,"column":6},"end":{"line":127,"column":7}},{"start":{},"end":{}}]},"23":{"loc":{"start":{"line":131,"column":4},"end":{"line":135,"column":5}},"type":"if","locations":[{"start":{"line":131,"column":4},"end":{"line":135,"column":5}},{"start":{},"end":{}}]},"24":{"loc":{"start":{"line":131,"column":8},"end":{"line":131,"column":68}},"type":"binary-expr","locations":[{"start":{"line":131,"column":8},"end":{"line":131,"column":22}},{"start":{"line":131,"column":26},"end":{"line":131,"column":68}}]},"25":{"loc":{"start":{"line":140,"column":14},"end":{"line":140,"column":37}},"type":"binary-expr","locations":[{"start":{"line":140,"column":14},"end":{"line":140,"column":20}},{"start":{"line":140,"column":24},"end":{"line":140,"column":37}}]},"26":{"loc":{"start":{"line":141,"column":19},"end":{"line":141,"column":79}},"type":"cond-expr","locations":[{"start":{"line":141,"column":47},"end":{"line":141,"column":58}},{"start":{"line":141,"column":61},"end":{"line":141,"column":79}}]},"27":{"loc":{"start":{"line":142,"column":19},"end":{"line":142,"column":79}},"type":"cond-expr","locations":[{"start":{"line":142,"column":47},"end":{"line":142,"column":58}},{"start":{"line":142,"column":61},"end":{"line":142,"column":79}}]},"28":{"loc":{"start":{"line":152,"column":4},"end":{"line":154,"column":5}},"type":"if","locations":[{"start":{"line":152,"column":4},"end":{"line":154,"column":5}},{"start":{},"end":{}}]}},"s":{"0":1,"1":1,"2":1,"3":1,"4":3,"5":3,"6":3,"7":2,"8":2,"9":1,"10":1,"11":2,"12":2,"13":2,"14":1,"15":1,"16":1,"17":1,"18":2,"19":2,"20":2,"21":1,"22":1,"23":6,"24":6,"25":1,"26":5,"27":1,"28":4,"29":4,"30":1,"31":3,"32":3,"33":1,"34":2,"35":1,"36":1,"37":1,"38":6,"39":6,"40":6,"41":6,"42":1,"43":5,"44":1,"45":4,"46":4,"47":4,"48":3,"49":3,"50":1,"51":3,"52":2,"53":2,"54":1,"55":2,"56":2,"57":1,"58":1,"59":1,"60":2,"61":2,"62":2,"63":1,"64":1,"65":1,"66":1},"f":{"0":3,"1":2,"2":6,"3":6,"4":2},"b":{"0":[2,1],"1":[1,1],"2":[2,0],"3":[1,1],"4":[1,1],"5":[1],"6":[2],"7":[2],"8":[1,5],"9":[6,5],"10":[1,4],"11":[1,3],"12":[1,2],"13":[1,1],"14":[1,5],"15":[1,4],"16":[5,2],"17":[3,1],"18":[2,2],"19":[3,1],"20":[1,2],"21":[2,1],"22":[1,1],"23":[1,1],"24":[2,2],"25":[1,0],"26":[0,1],"27":[0,1],"28":[1,1]}}
[...]
45":{"start":{"line":158,"column":4},"end":{"line":158,"column":16}},"46":{"start":{"line":161,"column":24},"end":{"line":161,"column":63}},"47":{"start":{"line":162,"column":2},"end":{"line":164,"column":3}},"48":{"start":{"line":163,"column":4},"end":{"line":163,"column":25}},"49":{"start":{"line":166,"column":27},"end":{"line":166,"column":65}},"50":{"start":{"line":167,"column":2},"end":{"line":169,"column":3}},"51":{"start":{"line":168,"column":4},"end":{"line":168,"column":16}},"52":{"start":{"line":171,"column":17},"end":{"line":171,"column":56}},"53":{"start":{"line":172,"column":2},"end":{"line":174,"column":3}},"54":{"start":{"line":173,"column":4},"end":{"line":173,"column":16}},"55":{"start":{"line":177,"column":4},"end":{"line":183,"column":15}},"56":{"start":{"line":185,"column":2},"end":{"line":185,"column":51}},"57":{"start":{"line":188,"column":28},"end":{"line":220,"column":1}},"58":{"start":{"line":189,"column":2},"end":{"line":213,"column":3}},"59":{"start":{"line":190,"column":18},"end":{"line":190,"column":30}},"60":{"start":{"line":191,"column":4},"end":{"line":193,"column":5}},"61":{"start":{"line":192,"column":6},"end":{"line":192,"column":18}},"62":{"start":{"line":195,"column":26},"end":{"line":195,"column":45}},"63":{"start":{"line":196,"column":4},"end":{"line":198,"column":5}},"64":{"start":{"line":197,"column":6},"end":{"line":197,"column":27}},"65":{"start":{"line":200,"column":4},"end":{"line":202,"column":5}},"66":{"start":{"line":201,"column":6},"end":{"line":201,"column":18}},"67":{"start":{"line":204,"column":19},"end":{"line":204,"column":67}},"68":{"start":{"line":205,"column":4},"end":{"line":207,"column":5}},"69":{"start":{"line":206,"column":6},"end":{"line":206,"column":18}},"70":{"start":{"line":209,"column":4},"end":{"line":212,"column":6}},"71":{"start":{"line":215,"column":2},"end":{"line":217,"column":3}},"72":{"start":{"line":216,"column":4},"end":{"line":216,"column":62}},"73":{"start":{"line":219,"column":2},"end":{"line":219,"column":14}},"74":{"start":{"line":222,"column":35},"end":{"line":235,"column":1}},"75":{"start":{"line":223,"column":17},"end":{"line":223,"column":43}},"76":{"start":{"line":224,"column":2},"end":{"line":226,"column":3}},"77":{"start":{"line":225,"column":4},"end":{"line":225,"column":16}},"78":{"start":{"line":228,"column":20},"end":{"line":228,"column":64}},"79":{"start":{"line":229,"column":19},"end":{"line":229,"column":63}},"80":{"start":{"line":231,"column":2},"end":{"line":231,"column":49}},"81":{"start":{"line":232,"column":2},"end":{"line":232,"column":68}},"82":{"start":{"line":234,"column":2},"end":{"line":234,"column":37}},"83":{"start":{"line":222,"column":13},"end":{"line":222,"column":35}}},"fnMap":{"0":{"name":"(anonymous_1)","decl":{"start":{"line":21,"column":26},"end":{"line":21,"column":27}},"loc":{"start":{"line":22,"column":2},"end":{"line":22,"column":54}}},"1":{"name":"(anonymous_2)","decl":{"start":{"line":24,"column":26},"end":{"line":24,"column":27}},"loc":{"start":{"line":25,"column":2},"end":{"line":25,"column":53}}},"2":{"name":"(anonymous_3)","decl":{"start":{"line":27,"column":27},"end":{"line":27,"column":28}},"loc":{"start":{"line":27,"column":45},"end":{"line":32,"column":1}}},"3":{"name":"(anonymous_4)","decl":{"start":{"line":34,"column":21},"end":{"line":34,"column":22}},"loc":{"start":{"line":34,"column":65},"end":{"line":51,"column":1}}},"4":{"name":"(anonymous_5)","decl":{"start":{"line":53,"column":25},"end":{"line":53,"column":26}},"loc":{"start":{"line":53,"column":87},"end":{"line":186,"column":1}}},"5":{"name":"(anonymous_6)","decl":{"start":{"line":135,"column":39},"end":{"line":135,"column":40}},"loc":{"start":{"line":135,"column":49},"end":{"line":135,"column":71}}},"6":{"name":"(anonymous_7)","decl":{"start":{"line":188,"column":28},"end":{"line":188,"column":29}},"loc":{"start":{"line":188,"column":73},"end":{"line":220,"column":1}}},"7":{"name":"(anonymous_8)","decl":{"start":{"line":222,"column":35},"end":{"line":222,"column":40}},"loc":{"start":{"line":222,"column":84},"end":{"line":235,"column":1}}}},"branchMap":{"0":{"loc":{"start":{"line":25,"column":2},"end":{"line":25,"column":53}},"type":"binary-expr","locations":[{"start":{"line":25,"column":2},"end":{"line":25,"column":44}},{"start":{"line":25,"column":48},"end":{"line":25,"column":53}}]},"1":{"loc":{"start":{"line":29,"column":9},"end":{"line":31,"column":40}},"type":"binary-expr","locations":[{"start":{"line":29,"column":9},"end":{"line":29,"column":32}},{"start":{"line":30,"column":4},"end":{"line":30,"column":31}},{"start":{"line":31,"column":4},"end":{"line":31,"column":40}}]},"2":{"loc":{"start":{"line":36,"column":2},"end":{"line":38,"column":3}},"type":"if","locations":[{"start":{"line":36,"column":2},"end":{"line":38,"column":3}},{"start":{},"end":{}}]},"3":{"loc":{"start":{"line":43,"column":2},"end":{"line":45,"column":3}},"type":"if","locations":[{"start":{"line":43,"column":2},"end":{"line":45,"column":3}},{"start":{},"end":{}}]},"4":{"loc":{"start":{"line":55,"column":4},"end":{"line":59,"column":23}},"type":"binary-expr","locations":[{"start":{"line":55,"column":4},"end":{"line":55,"column":19}},{"start":{"line":56,"column":4},"end":{"line":56,"column":14}},{"start":{"line":57,"column":4},"end":{"line":57,"column":20}},{"start":{"line":58,"column":4},"end":{"line":58,"column":24}},{"start":{"line":59,"column":4},"end":{"line":59,"column":23}}]},"5":{"loc":{"start":{"line":61,"column":4},"end":{"line":67,"column":22}},"type":"binary-expr","locations":[{"start":{"line":61,"column":4},"end":{"line":61,"column":19}},{"start":{"line":62,"column":4},"end":{"line":62,"column":20}},{"start":{"line":63,"column":4},"end":{"line":63,"column":22}},{"start":{"line":64,"column":4},"end":{"line":64,"column":23}},{"start":{"line":65,"column":4},"end":{"line":65,"column":19}},{"start":{"line":66,"column":4},"end":{"line":66,"column":23}},{"start":{"line":67,"column":4},"end":{"line":67,"column":22}}]},"6":{"loc":{"start":{"line":69,"column":4},"end":{"line":77,"column":17}},"type":"binary-expr","locations":[{"start":{"line":69,"column":4},"end":{"line":69,"column":15}},{"start":{"line":70,"column":4},"end":{"line":70,"column":17}},{"start":{"line":71,"column":4},"end":{"line":71,"column":25}},{"start":{"line":72,"column":4},"end":{"line":72,"column":24}},{"start":{"line":73,"column":4},"end":{"line":73,"column":19}},{"start":{"line":74,"column":4},"end":{"line":74,"column":18}},{"start":{"line":75,"column":4},"end":{"line":75,"column":15}},{"start":{"line":76,"column":4},"end":{"line":76,"column":16}},{"start":{"line":77,"column":4},"end":{"line":77,"column":17}}]},"7":{"loc":{"start":{"line":79,"column":4},"end":{"line":97,"column":33}},"type":"cond-expr","locations":[{"start":{"line":80,"column":8},"end":{"line":80,"column":15}},{"start":{"line":81,"column":8},"end":{"line":97,"column":33}}]},"8":{"loc":{"start":{"line":81,"column":8},"end":{"line":97,"column":33}},"type":"cond-expr","locations":[{"start":{"line":82,"column":10},"end":{"line":82,"column":28}},{"start":{"line":83,"column":10},"end":{"line":97,"column":33}}]},"9":{"loc":{"start":{"line":83,"column":10},"end":{"line":97,"column":33}},"type":"cond-expr","locations":[{"start":{"line":84,"column":12},"end":{"line":84,"column":29}},{"start":{"line":85,"column":12},"end":{"line":97,"column":33}}]},"10":{"loc":{"start":{"line":85,"column":12},"end":{"line":97,"column":33}},"type":"cond-expr","locations":[{"start":{"line":86,"column":14},"end":{"line":86,"column":28}},{"start":{"line":87,"column":14},"end":{"line":97,"column":33}}]},"11":{"loc":{"start":{"line":87,"column":14},"end":{"line":97,"column":33}},"type":"cond-expr","locations":[{"start":{"line":88,"column":16},"end":{"line":88,"column":26}},{"start":{"line":89,"column":16},"end":{"line":97,"column":33}}]},"12":{"loc":{"start":{"line":89,"column":16},"end":{"line":97,"column":33}},"type":"cond-expr","locations":[{"start":{"line":90,"column":18},"end":{"line":90,"column":28}},{"start":{"line":91,"column":18},"end":{"line":97,"column":33}}]},"13":{"loc":{"start":{"line":91,"column":18},"end":{"line":97,"column":33}},"type":"cond-expr","locations":[{"start":{"line":92,"column":20},"end":{"line":92,"column":31}},{"start":{"line":93,"column":20},"end":{"line":97,"column":33}}]},"14":{"loc":{"start":{"line":93,"column":20},"end":{"line":97,"column":33}},"type":"cond-expr","locations":[{"start":{"line":94,"column":22},"end":{"line":94,"column":33}},{"start":{"line":95,"column":22},"end":{"line":97,"column":33}}]},"15":{"loc":{"start":{"line":95,"column":22},"end":{"line":97,"column":33}},"type":"cond-expr","locations":[{"start":{"line":96,"column":24},"end":{"line":96,"column":38}},{"start":{"line":97,"column":24},"end":{"line":97,"column":33}}]},"16":{"loc":{"start":{"line":100,"column":4},"end":{"line":114,"column":22}},"type":"cond-expr","locations":[{"start":{"line":101,"column":8},"end":{"line":101,"column":27}},{"start":{"line":102,"column":8},"end":{"line":114,"column":22}}]},"17":{"loc":{"start":{"line":102,"column":8},"end":{"line":114,"column":22}},"type":"cond-expr","locations":[{"start":{"line":103,"column":10},"end":{"line":103,"column":30}},{"start":{"line":104,"column":10},"end":{"line":114,"column":22}}]},"18":{"loc":{"start":{"line":104,"column":10},"end":{"line":114,"column":22}},"type":"cond-expr","locations":[{"start":{"line":105,"column":12},"end":{"line":105,"column":31}},{"start":{"line":106,"column":12},"end":{"line":114,"column":22}}]},"19":{"loc":{"start":{"line":106,"column":12},"end":{"line":114,"column":22}},"type":"cond-expr","locations":[{"start":{"line":107,"column":14},"end":{"line":107,"column":29}},{"start":{"line":108,"column":14},"end":{"line":114,"column":22}}]},"20":{"loc":{"start":{"line":108,"column":14},"end":{"line":114,"column":22}},"type":"cond-expr","locations":[{"start":{"line":109,"column":16},"end":{"line":109,"column":31}},{"start":{"line":110,"column":16},"end":{"line":114,"column":22}}]},"21":{"loc":{"start":{"line":110,"column":16},"end":{"line":114,"column":22}},"type":"cond-expr","locations":[{"start":{"line":111,"column":18},"end":{"line":111,"column":37}},{"start":{"line":112,"column":18},"end":{"line":114,"column":22}}]},"22":{"loc":{"start":{"line":112,"column":18},"end":{"line":114,"column":22}},"type":"cond-expr","locations":[{"start":{"line":113,"column":20},"end":{"line":113,"column":38}},{"start":{"line":114,"column":20},"end":{"line":114,"column":22}}]},"23":{"loc":{"start":{"line":115,"column":22},"end":{"line":115,"column":85}},"type":"cond-expr","locations":[{"start":{"line":115,"column":51},"end":{"line":115,"column":80}},{"start":{"line":115,"column":83},"end":{"line":115,"column":85}}]},"24":{"loc":{"start":{"line":117,"column":2},"end":{"line":132,"column":3}},"type":"if","locations":[{"start":{"line":117,"column":2},"end":{"line":132,"column":3}},{"start":{},"end":{}}]},"25":{"loc":{"start":{"line":118,"column":4},"end":{"line":120,"column":5}},"type":"if","locations":[{"start":{"line":118,"column":4},"end":{"line":120,"column":5}},{"start":{},"end":{}}]},"26":{"loc":{"start":{"line":123,"column":6},"end":{"line":129,"column":19}},"type":"cond-expr","locations":[{"start":{"line":124,"column":10},"end":{"line":124,"column":40}},{"start":{"line":125,"column":10},"end":{"line":129,"column":19}}]},"27":{"loc":{"start":{"line":123,"column":6},"end":{"line":123,"column":59}},"type":"binary-expr","locations":[{"start":{"line":123,"column":6},"end":{"line":123,"column":37}},{"start":{"line":123,"column":41},"end":{"line":123,"column":59}}]},"28":{"loc":{"start":{"line":125,"column":10},"end":{"line":129,"column":19}},"type":"cond-expr","locations":[{"start":{"line":126,"column":12},"end":{"line":126,"column":43}},{"start":{"line":127,"column":12},"end":{"line":129,"column":19}}]},"29":{"loc":{"start":{"line":127,"column":12},"end":{"line":129,"column":19}},"type":"cond-expr","locations":[{"start":{"line":128,"column":14},"end":{"line":128,"column":44}},{"start":{"line":129,"column":14},"end":{"line":129,"column":19}}]},"30":{"loc":{"start":{"line":127,"column":12},"end":{"line":127,"column":65}},"type":"binary-expr","locations":[{"start":{"line":127,"column":12},"end":{"line":127,"column":43}},{"start":{"line":127,"column":47},"end":{"line":127,"column":65}}]},"31":{"loc":{"start":{"line":131,"column":41},"end":{"line":131,"column":59}},"type":"binary-expr","locations":[{"start":{"line":131,"column":41},"end":{"line":131,"column":50}},{"start":{"line":131,"column":54},"end":{"line":131,"column":59}}]},"32":{"loc":{"start":{"line":134,"column":2},"end":{"line":155,"column":3}},"type":"if","locations":[{"start":{"line":134,"column":2},"end":{"line":155,"column":3}},{"start":{},"end":{}}]},"33":{"loc":{"start":{"line":136,"column":4},"end":{"line":138,"column":5}},"type":"if","locations":[{"start":{"line":136,"column":4},"end":{"line":138,"column":5}},{"start":{},"end":{}}]},"34":{"loc":{"start":{"line":141,"column":4},"end":{"line":143,"column":5}},"type":"if","locations":[{"start":{"line":141,"column":4},"end":{"line":143,"column":5}},{"start":{},"end":{}}]},"35":{"loc":{"start":{"line":146,"column":6},"end":{"line":152,"column":17}},"type":"cond-expr","locations":[{"start":{"line":147,"column":10},"end":{"line":147,"column":40}},{"start":{"line":148,"column":10},"end":{"line":152,"column":17}}]},"36":{"loc":{"start":{"line":146,"column":6},"end":{"line":146,"column":59}},"type":"binary-expr","locations":[{"start":{"line":146,"column":6},"end":{"line":146,"column":37}},{"start":{"line":146,"column":41},"end":{"line":146,"column":59}}]},"37":{"loc":{"start":{"line":148,"column":10},"end":{"line":152,"column":17}},"type":"cond-expr","locations":[{"start":{"line":149,"column":12},"end":{"line":149,"column":43}},{"start":{"line":150,"column":12},"end":{"line":152,"column":17}}]},"38":{"loc":{"start":{"line":150,"column":12},"end":{"line":152,"column":17}},"type":"cond-expr","locations":[{"start":{"line":151,"column":14},"end":{"line":151,"column":44}},{"start":{"line":152,"column":12},"end":{"line":152,"column":17}}]},"39":{"loc":{"start":{"line":150,"column":12},"end":{"line":150,"column":65}},"type":"binary-expr","locations":[{"start":{"line":150,"column":12},"end":{"line":150,"column":43}},{"start":{"line":150,"column":47},"end":{"line":150,"column":65}}]},"40":{"loc":{"start":{"line":154,"column":32},"end":{"line":154,"column":50}},"type":"binary-expr","locations":[{"start":{"line":154,"column":32},"end":{"line":154,"column":41}},{"start":{"line":154,"column":45},"end":{"line":154,"column":50}}]},"41":{"loc":{"start":{"line":157,"column":2},"end":{"line":159,"column":3}},"type":"if","locations":[{"start":{"line":157,"column":2},"end":{"line":159,"column":3}},{"start":{},"end":{}}]},"42":{"loc":{"start":{"line":162,"column":2},"end":{"line":164,"column":3}},"type":"if","locations":[{"start":{"line":162,"column":2},"end":{"line":164,"column":3}},{"start":{},"end":{}}]},"43":{"loc":{"start":{"line":167,"column":2},"end":{"line":169,"column":3}},"type":"if","locations":[{"start":{"line":167,"column":2},"end":{"line":169,"column":3}},{"start":{},"end":{}}]},"44":{"loc":{"start":{"line":172,"column":2},"end":{"line":174,"column":3}},"type":"if","locations":[{"start":{"line":172,"column":2},"end":{"line":174,"column":3}},{"start":{},"end":{}}]},"45":{"loc":{"start":{"line":177,"column":4},"end":{"line":183,"column":15}},"type":"cond-expr","locations":[{"start":{"line":178,"column":8},"end":{"line":178,"column":38}},{"start":{"line":179,"column":8},"end":{"line":183,"column":15}}]},"46":{"loc":{"start":{"line":177,"column":4},"end":{"line":177,"column":57}},"type":"binary-expr","locations":[{"start":{"line":177,"column":4},"end":{"line":177,"column":35}},{"start":{"line":177,"column":39},"end":{"line":177,"column":57}}]},"47":{"loc":{"start":{"line":179,"column":8},"end":{"line":183,"column":15}},"type":"cond-expr","locations":[{"start":{"line":180,"column":10},"end":{"line":180,"column":41}},{"start":{"line":181,"column":10},"end":{"line":183,"column":15}}]},"48":{"loc":{"start":{"line":181,"column":10},"end":{"line":183,"column":15}},"type":"cond-expr","locations":[{"start":{"line":182,"column":12},"end":{"line":182,"column":42}},{"start":{"line":183,"column":10},"end":{"line":183,"column":15}}]},"49":{"loc":{"start":{"line":181,"column":10},"end":{"line":181,"column":63}},"type":"binary-expr","locations":[{"start":{"line":181,"column":10},"end":{"line":181,"column":41}},{"start":{"line":181,"column":45},"end":{"line":181,"column":63}}]},"50":{"loc":{"start":{"line":185,"column":30},"end":{"line":185,"column":48}},"type":"binary-expr","locations":[{"start":{"line":185,"column":30},"end":{"line":185,"column":39}},{"start":{"line":185,"column":43},"end":{"line":185,"column":48}}]},"51":{"loc":{"start":{"line":189,"column":2},"end":{"line":213,"column":3}},"type":"if","locations":[{"start":{"line":189,"column":2},"end":{"line":213,"column":3}},{"start":{},"end":{}}]},"52":{"loc":{"start":{"line":191,"column":4},"end":{"line":193,"column":5}},"type":"if","locations":[{"start":{"line":191,"column":4},"end":{"line":193,"column":5}},{"start":{},"end":{}}]},"53":{"loc":{"start":{"line":196,"column":4},"end":{"line":198,"column":5}},"type":"if","locations":[{"start":{"line":196,"column":4},"end":{"line":198,"column":5}},{"start":{},"end":{}}]},"54":{"loc":{"start":{"line":200,"column":4},"end":{"line":202,"column":5}},"type":"if","locations":[{"start":{"line":200,"column":4},"end":{"line":202,"column":5}},{"start":{},"end":{}}]},"55":{"loc":{"start":{"line":205,"column":4},"end":{"line":207,"column":5}},"type":"if","locations":[{"start":{"line":205,"column":4},"end":{"line":207,"column":5}},{"start":{},"end":{}}]},"56":{"loc":{"start":{"line":215,"column":2},"end":{"line":217,"column":3}},"type":"if","locations":[{"start":{"line":215,"column":2},"end":{"line":217,"column":3}},{"start":{},"end":{}}]},"57":{"loc":{"start":{"line":215,"column":6},"end":{"line":215,"column":40}},"type":"binary-expr","locations":[{"start":{"line":215,"column":6},"end":{"line":215,"column":11}},{"start":{"line":215,"column":15},"end":{"line":215,"column":40}}]},"58":{"loc":{"start":{"line":224,"column":2},"end":{"line":226,"column":3}},"type":"if","locations":[{"start":{"line":224,"column":2},"end":{"line":226,"column":3}},{"start":{},"end":{}}]},"59":{"loc":{"start":{"line":228,"column":20},"end":{"line":228,"column":64}},"type":"binary-expr","locations":[{"start":{"line":228,"column":20},"end":{"line":228,"column":55}},{"start":{"line":228,"column":59},"end":{"line":228,"column":64}}]}},"s":{"0":2,"1":2,"2":2,"3":2,"4":2,"5":2,"6":0,"7":2,"8":0,"9":2,"10":5,"11":5,"12":2,"13":5,"14":5,"15":5,"16":0,"17":0,"18":0,"19":0,"20":0,"21":0,"22":2,"23":0,"24":0,"25":0,"26":0,"27":0,"28":0,"29":0,"30":0,"31":0,"32":0,"33":0,"34":0,"35":0,"36":0,"37":0,"38":0,"39":0,"40":0,"41":0,"42":0,"43":0,"44":0,"45":0,"46":0,"47":0,"48":0,"49":0,"50":0,"51":0,"52":0,"53":0,"54":0,"55":0,"56":0,"57":2,"58":6,"59":5,"60":5,"61":0,"62":5,"63":5,"64":0,"65":5,"66":5,"67":0,"68":0,"69":0,"70":0,"71":1,"72":0,"73":1,"74":2,"75":6,"76":6,"77":6,"78":0,"79":0,"80":0,"81":0,"82":0,"83":2},"f":{"0":0,"1":0,"2":5,"3":5,"4":0,"5":0,"6":6,"7":6},"b":{"0":[0,0],"1":[5,0,0],"2":[5,0],"3":[0,0],"4":[0,0,0,0,0],"5":[0,0,0,0,0,0,0],"6":[0,0,0,0,0,0,0,0,0],"7":[0,0],"8":[0,0],"9":[0,0],"10":[0,0],"11":[0,0],"12":[0,0],"13":[0,0],"14":[0,0],"15":[0,0],"16":[0,0],"17":[0,0],"18":[0,0],"19":[0,0],"20":[0,0],"21":[0,0],"22":[0,0],"23":[0,0],"24":[0,0],"25":[0,0],"26":[0,0],"27":[0,0],"28":[0,0],"29":[0,0],"30":[0,0],"31":[0,0],"32":[0,0],"33":[0,0],"34":[0,0],"35":[0,0],"36":[0,0],"37":[0,0],"38":[0,0],"39":[0,0],"40":[0,0],"41":[0,0],"42":[0,0],"43":[0,0],"44":[0,0],"45":[0,0],"46":[0,0],"47":[0,0],"48":[0,0],"49":[0,0],"50":[0,0],"51":[5,1],"52":[0,5],"53":[0,5],"54":[5,0],"55":[0,0],"56":[0,1],"57":[1,0],"58":[6,0],"59":[0,0]}}
}
