TN:
SF:src\app.ts
FNF:0
FNH:0
DA:1,1
DA:2,1
DA:3,1
DA:4,1
DA:5,1
DA:6,1
DA:7,1
DA:8,1
DA:9,1
DA:10,1
DA:11,1
DA:12,1
DA:13,1
DA:14,1
DA:15,1
DA:16,1
DA:18,1
DA:19,1
DA:20,1
DA:22,1
DA:23,1
DA:24,1
DA:25,1
DA:27,1
DA:29,1
DA:30,1
DA:31,1
DA:32,1
DA:33,1
DA:34,1
DA:36,1
DA:37,1
DA:38,1
DA:39,1
DA:41,1
DA:42,1
DA:43,1
DA:44,1
DA:46,1
DA:47,1
DA:48,1
DA:49,1
DA:50,1
DA:52,1
DA:53,1
DA:54,1
DA:55,1
DA:56,1
DA:57,1
DA:59,1
DA:60,1
DA:61,1
DA:62,1
DA:64,1
DA:65,1
DA:66,1
DA:67,1
DA:69,1
DA:70,1
DA:71,1
DA:72,1
DA:74,1
DA:75,1
DA:76,1
DA:77,1
DA:79,1
DA:80,1
DA:81,1
DA:82,1
DA:84,1
DA:85,1
DA:86,1
DA:87,1
DA:88,1
DA:90,1
DA:91,1
DA:92,1
DA:93,1
DA:95,1
DA:96,1
DA:97,1
DA:98,1
DA:99,1
DA:101,1
DA:102,1
DA:103,1
DA:104,1
DA:106,1
DA:107,1
DA:108,1
DA:109,1
DA:111,1
DA:113,1
LF:93
LH:93
BRF:0
BRH:0
end_of_record
TN:
SF:src\server.ts
FN:9,(anonymous_1)
FNF:1
FNH:1
FNDA:1,(anonymous_1)
DA:1,1
DA:2,1
DA:3,1
DA:5,1
DA:7,1
DA:9,1
DA:10,1
LF:7
LH:7
BRDA:5,0,0,1
BRDA:5,0,1,0
BRF:2
BRH:1
end_of_record
TN:
SF:src\config\config.js
FNF:0
FNH:0
DA:1,1
LF:1
LH:1
BRF:0
BRH:0
end_of_record
TN:
SF:src\config\database\index.ts
FNF:0
FNH:0
DA:1,2
DA:2,2
DA:4,2
DA:16,2
LF:4
LH:4
BRDA:5,0,0,2
BRDA:5,0,1,0
BRDA:6,1,0,2
BRDA:6,1,1,0
BRDA:7,2,0,2
BRDA:7,2,1,2
BRDA:9,3,0,2
BRDA:9,3,1,0
BRDA:10,4,0,2
BRDA:10,4,1,0
BRF:10
BRH:6
end_of_record
TN:
SF:src\controllers\auth.controller.ts
FN:8,(anonymous_1)
FN:21,(anonymous_2)
FN:29,(anonymous_3)
FN:55,(anonymous_4)
FN:69,(anonymous_5)
FN:80,(anonymous_6)
FNF:6
FNH:6
FNDA:5,(anonymous_1)
FNDA:1,(anonymous_2)
FNDA:4,(anonymous_3)
FNDA:3,(anonymous_4)
FNDA:3,(anonymous_5)
FNDA:5,(anonymous_6)
DA:3,1
DA:4,1
DA:5,1
DA:9,5
DA:10,5
DA:11,5
DA:12,5
DA:13,5
DA:15,5
DA:16,4
DA:17,3
DA:18,2
DA:22,1
DA:30,4
DA:32,4
DA:33,1
DA:36,3
DA:37,3
DA:38,2
DA:40,2
DA:41,1
DA:42,1
DA:44,1
DA:49,1
DA:52,1
DA:56,3
DA:57,3
DA:58,1
DA:61,2
DA:62,2
DA:63,1
DA:66,1
DA:70,3
DA:71,3
DA:72,1
DA:74,2
DA:81,5
DA:82,5
DA:84,5
DA:85,1
DA:88,4
DA:89,1
DA:92,3
DA:93,1
DA:95,2
DA:102,1
LF:46
LH:46
BRDA:15,0,0,1
BRDA:15,0,1,4
BRDA:16,1,0,1
BRDA:16,1,1,3
BRDA:16,2,0,1
BRDA:16,2,1,0
BRDA:17,3,0,1
BRDA:17,3,1,2
BRDA:17,4,0,1
BRDA:17,4,1,0
BRDA:18,5,0,2
BRDA:18,5,1,0
BRDA:32,6,0,1
BRDA:32,6,1,3
BRDA:32,7,0,4
BRDA:32,7,1,3
BRDA:37,8,0,2
BRDA:37,8,1,1
BRDA:40,9,0,1
BRDA:40,9,1,1
BRDA:57,10,0,1
BRDA:57,10,1,2
BRDA:62,11,0,1
BRDA:62,11,1,1
BRDA:75,12,0,1
BRDA:75,12,1,1
BRDA:84,13,0,1
BRDA:84,13,1,4
BRDA:88,14,0,1
BRDA:88,14,1,3
BRDA:88,15,0,4
BRDA:88,15,1,4
BRDA:88,15,2,4
BRDA:88,15,3,3
BRDA:96,16,0,1
BRDA:96,16,1,1
BRF:36
BRH:33
end_of_record
TN:
SF:src\controllers\avaliacaoFotos.controller.ts
FN:7,(anonymous_1)
FN:18,(anonymous_2)
FN:38,(anonymous_3)
FN:65,(anonymous_4)
FNF:4
FNH:4
FNDA:2,(anonymous_1)
FNDA:3,(anonymous_2)
FNDA:3,(anonymous_3)
FNDA:2,(anonymous_4)
DA:2,1
DA:3,1
DA:8,2
DA:9,2
DA:11,2
DA:12,1
DA:15,1
DA:19,3
DA:21,3
DA:22,1
DA:25,2
DA:26,2
DA:27,1
DA:30,1
DA:35,1
DA:39,3
DA:40,3
DA:42,3
DA:43,3
DA:44,1
DA:47,2
DA:48,2
DA:49,2
DA:50,1
DA:54,1
DA:62,1
DA:66,2
DA:67,2
DA:69,2
DA:70,1
DA:73,1
DA:74,1
DA:78,1
LF:33
LH:33
BRDA:11,0,0,1
BRDA:11,0,1,1
BRDA:19,1,0,2
BRDA:21,2,0,1
BRDA:21,2,1,2
BRDA:26,3,0,1
BRDA:26,3,1,1
BRDA:43,4,0,1
BRDA:43,4,1,2
BRDA:47,5,0,2
BRDA:47,5,1,0
BRDA:49,6,0,1
BRDA:49,6,1,1
BRDA:56,7,0,1
BRDA:56,7,1,0
BRDA:59,8,0,1
BRDA:59,8,1,0
BRDA:69,9,0,1
BRDA:69,9,1,1
BRF:19
BRH:16
end_of_record
TN:
SF:src\controllers\avaliacaoProdutos.controller.ts
FN:9,(anonymous_1)
FN:20,(anonymous_2)
FN:55,(anonymous_3)
FN:96,(anonymous_4)
FNF:4
FNH:4
FNDA:2,(anonymous_1)
FNDA:5,(anonymous_2)
FNDA:5,(anonymous_3)
FNDA:2,(anonymous_4)
DA:2,1
DA:3,1
DA:4,1
DA:10,2
DA:11,2
DA:13,2
DA:14,1
DA:17,1
DA:21,5
DA:23,5
DA:24,1
DA:27,4
DA:28,2
DA:29,2
DA:30,1
DA:34,3
DA:35,3
DA:36,1
DA:39,2
DA:40,2
DA:41,1
DA:44,1
DA:52,1
DA:56,5
DA:57,5
DA:59,5
DA:60,5
DA:61,1
DA:64,4
DA:65,2
DA:66,2
DA:67,1
DA:71,3
DA:72,2
DA:73,2
DA:74,1
DA:78,2
DA:79,2
DA:80,2
DA:81,1
DA:85,1
DA:93,1
DA:97,2
DA:98,2
DA:100,2
DA:101,1
DA:104,1
DA:105,1
DA:109,1
LF:49
LH:49
BRDA:13,0,0,1
BRDA:13,0,1,1
BRDA:21,1,0,5
BRDA:21,2,0,5
BRDA:21,3,0,3
BRDA:23,4,0,1
BRDA:23,4,1,4
BRDA:23,5,0,5
BRDA:23,5,1,4
BRDA:27,6,0,2
BRDA:27,6,1,2
BRDA:27,7,0,4
BRDA:27,7,1,2
BRDA:29,8,0,1
BRDA:29,8,1,1
BRDA:29,9,0,2
BRDA:29,9,1,2
BRDA:29,9,2,2
BRDA:35,10,0,1
BRDA:35,10,1,2
BRDA:40,11,0,1
BRDA:40,11,1,1
BRDA:49,12,0,1
BRDA:49,12,1,0
BRDA:60,13,0,1
BRDA:60,13,1,4
BRDA:64,14,0,2
BRDA:64,14,1,2
BRDA:66,15,0,1
BRDA:66,15,1,1
BRDA:71,16,0,2
BRDA:71,16,1,1
BRDA:73,17,0,1
BRDA:73,17,1,1
BRDA:78,18,0,2
BRDA:78,18,1,0
BRDA:78,19,0,2
BRDA:78,19,1,2
BRDA:80,20,0,1
BRDA:80,20,1,1
BRDA:80,21,0,2
BRDA:80,21,1,2
BRDA:80,21,2,1
BRDA:86,22,0,1
BRDA:86,22,1,0
BRDA:87,23,0,1
BRDA:87,23,1,0
BRDA:88,24,0,0
BRDA:88,24,1,1
BRDA:89,25,0,0
BRDA:89,25,1,1
BRDA:90,26,0,1
BRDA:90,26,1,0
BRDA:100,27,0,1
BRDA:100,27,1,1
BRF:55
BRH:48
end_of_record
TN:
SF:src\controllers\carrinhoItens.controller.ts
FN:9,(anonymous_1)
FN:20,(anonymous_2)
FN:62,(anonymous_3)
FN:115,(anonymous_4)
FNF:4
FNH:4
FNDA:2,(anonymous_1)
FNDA:6,(anonymous_2)
FNDA:6,(anonymous_3)
FNDA:2,(anonymous_4)
DA:2,1
DA:3,1
DA:4,1
DA:5,1
DA:10,2
DA:11,2
DA:13,2
DA:14,1
DA:17,1
DA:22,6
DA:24,6
DA:25,1
DA:30,5
DA:31,5
DA:32,1
DA:35,4
DA:36,4
DA:37,1
DA:40,3
DA:41,3
DA:42,1
DA:45,2
DA:46,1
DA:51,1
DA:59,1
DA:63,6
DA:64,6
DA:66,6
DA:67,6
DA:68,1
DA:71,5
DA:72,2
DA:73,2
DA:74,1
DA:78,4
DA:80,4
DA:82,4
DA:83,3
DA:84,3
DA:85,1
DA:89,3
DA:90,3
DA:91,3
DA:92,1
DA:96,2
DA:97,2
DA:98,2
DA:99,1
DA:104,1
DA:112,1
DA:116,2
DA:117,2
DA:119,2
DA:120,1
DA:123,1
DA:124,1
DA:128,1
LF:57
LH:57
BRDA:13,0,0,1
BRDA:13,0,1,1
BRDA:21,1,0,1
BRDA:24,2,0,1
BRDA:24,2,1,5
BRDA:24,3,0,6
BRDA:24,3,1,5
BRDA:24,3,2,5
BRDA:24,3,3,5
BRDA:31,4,0,1
BRDA:31,4,1,4
BRDA:36,5,0,1
BRDA:36,5,1,3
BRDA:41,6,0,1
BRDA:41,6,1,2
BRDA:45,7,0,1
BRDA:45,7,1,1
BRDA:67,8,0,1
BRDA:67,8,1,5
BRDA:71,9,0,2
BRDA:71,9,1,3
BRDA:73,10,0,1
BRDA:73,10,1,1
BRDA:78,11,0,3
BRDA:78,11,1,1
BRDA:80,12,0,3
BRDA:80,12,1,1
BRDA:82,13,0,3
BRDA:82,13,1,1
BRDA:84,14,0,1
BRDA:84,14,1,2
BRDA:89,15,0,3
BRDA:89,15,1,0
BRDA:91,16,0,1
BRDA:91,16,1,2
BRDA:98,17,0,1
BRDA:98,17,1,1
BRDA:98,18,0,2
BRDA:98,18,1,1
BRDA:98,18,2,1
BRDA:105,19,0,1
BRDA:105,19,1,0
BRDA:108,20,0,1
BRDA:108,20,1,0
BRDA:109,21,0,0
BRDA:109,21,1,1
BRDA:119,22,0,1
BRDA:119,22,1,1
BRF:48
BRH:44
end_of_record
TN:
SF:src\controllers\carrinhos.controller.ts
FN:6,(anonymous_1)
FN:22,(anonymous_2)
FN:33,(anonymous_3)
FN:52,(anonymous_4)
FN:75,(anonymous_5)
FNF:5
FNH:5
FNDA:2,(anonymous_1)
FNDA:2,(anonymous_2)
FNDA:3,(anonymous_3)
FNDA:3,(anonymous_4)
FNDA:2,(anonymous_5)
DA:2,1
DA:3,1
DA:7,2
DA:8,2
DA:10,2
DA:11,2
DA:12,2
DA:13,1
DA:15,1
DA:18,1
DA:19,1
DA:23,2
DA:24,2
DA:26,2
DA:27,1
DA:30,1
DA:34,3
DA:36,3
DA:37,1
DA:40,2
DA:41,2
DA:42,1
DA:45,1
DA:49,1
DA:53,3
DA:54,3
DA:56,3
DA:57,3
DA:58,1
DA:61,2
DA:62,2
DA:63,2
DA:64,1
DA:68,1
DA:72,1
DA:76,2
DA:77,2
DA:79,2
DA:80,1
DA:83,1
DA:84,1
DA:88,1
LF:42
LH:42
BRDA:10,0,0,2
BRDA:10,0,1,0
BRDA:12,1,0,1
BRDA:12,1,1,1
BRDA:26,2,0,1
BRDA:26,2,1,1
BRDA:36,3,0,1
BRDA:36,3,1,2
BRDA:41,4,0,1
BRDA:41,4,1,1
BRDA:57,5,0,1
BRDA:57,5,1,2
BRDA:61,6,0,2
BRDA:61,6,1,0
BRDA:63,7,0,1
BRDA:63,7,1,1
BRDA:69,8,0,1
BRDA:69,8,1,0
BRDA:79,9,0,1
BRDA:79,9,1,1
BRF:20
BRH:17
end_of_record
TN:
SF:src\controllers\categorias.controller.ts
FN:5,(anonymous_1)
FN:10,(anonymous_2)
FN:21,(anonymous_3)
FN:37,(anonymous_4)
FN:60,(anonymous_5)
FNF:5
FNH:5
FNDA:1,(anonymous_1)
FNDA:2,(anonymous_2)
FNDA:3,(anonymous_3)
FNDA:3,(anonymous_4)
FNDA:2,(anonymous_5)
DA:2,1
DA:6,1
DA:7,1
DA:11,2
DA:12,2
DA:14,2
DA:15,1
DA:18,1
DA:22,3
DA:24,3
DA:25,1
DA:28,2
DA:29,2
DA:30,1
DA:33,1
DA:34,1
DA:38,3
DA:39,3
DA:41,3
DA:42,3
DA:43,1
DA:46,2
DA:47,2
DA:48,2
DA:49,1
DA:53,1
DA:57,1
DA:61,2
DA:62,2
DA:64,2
DA:65,1
DA:68,1
DA:69,1
DA:73,1
LF:34
LH:34
BRDA:14,0,0,1
BRDA:14,0,1,1
BRDA:22,1,0,3
BRDA:22,1,1,0
BRDA:24,2,0,1
BRDA:24,2,1,2
BRDA:29,3,0,1
BRDA:29,3,1,1
BRDA:39,4,0,3
BRDA:39,4,1,0
BRDA:42,5,0,1
BRDA:42,5,1,2
BRDA:46,6,0,2
BRDA:46,6,1,0
BRDA:46,7,0,2
BRDA:46,7,1,2
BRDA:48,8,0,1
BRDA:48,8,1,1
BRDA:54,9,0,1
BRDA:54,9,1,0
BRDA:64,10,0,1
BRDA:64,10,1,1
BRF:22
BRH:18
end_of_record
TN:
SF:src\controllers\pedidoItens.controller.ts
FN:9,(anonymous_1)
FN:20,(anonymous_2)
FN:61,(anonymous_3)
FN:114,(anonymous_4)
FNF:4
FNH:4
FNDA:2,(anonymous_1)
FNDA:6,(anonymous_2)
FNDA:6,(anonymous_3)
FNDA:2,(anonymous_4)
DA:2,1
DA:3,1
DA:4,1
DA:5,1
DA:10,2
DA:11,2
DA:13,2
DA:14,1
DA:17,1
DA:21,6
DA:23,6
DA:24,1
DA:29,5
DA:30,5
DA:31,1
DA:34,4
DA:35,4
DA:36,1
DA:39,3
DA:40,3
DA:41,1
DA:44,2
DA:45,1
DA:50,1
DA:58,1
DA:62,6
DA:63,6
DA:65,6
DA:66,6
DA:67,1
DA:70,5
DA:71,2
DA:72,2
DA:73,1
DA:77,4
DA:79,4
DA:81,4
DA:82,3
DA:83,3
DA:84,1
DA:88,3
DA:89,3
DA:90,3
DA:91,1
DA:95,2
DA:96,2
DA:97,2
DA:98,1
DA:103,1
DA:111,1
DA:115,2
DA:116,2
DA:118,2
DA:119,1
DA:122,1
DA:123,1
DA:127,1
LF:57
LH:57
BRDA:13,0,0,1
BRDA:13,0,1,1
BRDA:23,1,0,1
BRDA:23,1,1,5
BRDA:23,2,0,6
BRDA:23,2,1,5
BRDA:23,2,2,5
BRDA:23,2,3,5
BRDA:23,2,4,5
BRDA:30,3,0,1
BRDA:30,3,1,4
BRDA:35,4,0,1
BRDA:35,4,1,3
BRDA:40,5,0,1
BRDA:40,5,1,2
BRDA:44,6,0,1
BRDA:44,6,1,1
BRDA:66,7,0,1
BRDA:66,7,1,5
BRDA:70,8,0,2
BRDA:70,8,1,3
BRDA:72,9,0,1
BRDA:72,9,1,1
BRDA:77,10,0,3
BRDA:77,10,1,1
BRDA:79,11,0,3
BRDA:79,11,1,1
BRDA:81,12,0,3
BRDA:81,12,1,1
BRDA:83,13,0,1
BRDA:83,13,1,2
BRDA:88,14,0,3
BRDA:88,14,1,0
BRDA:90,15,0,1
BRDA:90,15,1,2
BRDA:97,16,0,1
BRDA:97,16,1,1
BRDA:97,17,0,2
BRDA:97,17,1,1
BRDA:97,17,2,1
BRDA:104,18,0,1
BRDA:104,18,1,0
BRDA:107,19,0,1
BRDA:107,19,1,0
BRDA:108,20,0,0
BRDA:108,20,1,1
BRDA:118,21,0,1
BRDA:118,21,1,1
BRF:48
BRH:44
end_of_record
TN:
SF:src\controllers\pedidos.controller.ts
FN:16,(anonymous_1)
FN:40,(anonymous_2)
FN:51,(anonymous_3)
FN:97,(anonymous_4)
FN:148,(anonymous_5)
FNF:5
FNH:5
FNDA:3,(anonymous_1)
FNDA:2,(anonymous_2)
FNDA:6,(anonymous_3)
FNDA:6,(anonymous_4)
FNDA:2,(anonymous_5)
DA:2,1
DA:3,1
DA:4,1
DA:7,1
DA:17,3
DA:18,3
DA:20,3
DA:21,2
DA:22,2
DA:23,1
DA:25,1
DA:28,2
DA:29,2
DA:30,2
DA:31,1
DA:33,1
DA:36,1
DA:37,1
DA:41,2
DA:42,2
DA:44,2
DA:45,1
DA:48,1
DA:58,6
DA:60,6
DA:61,1
DA:66,5
DA:67,1
DA:70,4
DA:71,4
DA:72,1
DA:75,3
DA:76,3
DA:77,1
DA:80,2
DA:81,1
DA:86,1
DA:94,1
DA:98,6
DA:99,6
DA:101,6
DA:102,6
DA:103,1
DA:106,5
DA:107,1
DA:110,4
DA:112,4
DA:116,4
DA:117,3
DA:118,3
DA:119,1
DA:123,3
DA:124,2
DA:125,2
DA:126,1
DA:130,2
DA:131,2
DA:132,1
DA:137,1
DA:145,1
DA:149,2
DA:150,2
DA:152,2
DA:153,1
DA:156,1
DA:157,1
DA:161,1
LF:67
LH:67
BRDA:20,0,0,2
BRDA:20,0,1,1
BRDA:22,1,0,1
BRDA:22,1,1,1
BRDA:28,2,0,2
BRDA:28,2,1,0
BRDA:30,3,0,1
BRDA:30,3,1,1
BRDA:44,4,0,1
BRDA:44,4,1,1
BRDA:55,5,0,1
BRDA:56,6,0,2
BRDA:57,7,0,2
BRDA:60,8,0,1
BRDA:60,8,1,5
BRDA:60,9,0,6
BRDA:60,9,1,5
BRDA:66,10,0,1
BRDA:66,10,1,4
BRDA:71,11,0,1
BRDA:71,11,1,3
BRDA:76,12,0,1
BRDA:76,12,1,2
BRDA:80,13,0,1
BRDA:80,13,1,1
BRDA:102,14,0,1
BRDA:102,14,1,5
BRDA:106,15,0,1
BRDA:106,15,1,4
BRDA:106,16,0,5
BRDA:106,16,1,2
BRDA:110,17,0,3
BRDA:110,17,1,1
BRDA:112,18,0,2
BRDA:112,18,1,2
BRDA:116,19,0,3
BRDA:116,19,1,1
BRDA:118,20,0,1
BRDA:118,20,1,2
BRDA:123,21,0,2
BRDA:123,21,1,1
BRDA:125,22,0,1
BRDA:125,22,1,1
BRDA:131,23,0,1
BRDA:131,23,1,1
BRDA:131,24,0,2
BRDA:131,24,1,2
BRDA:140,25,0,1
BRDA:140,25,1,0
BRDA:141,26,0,0
BRDA:141,26,1,1
BRDA:142,27,0,0
BRDA:142,27,1,1
BRDA:152,28,0,1
BRDA:152,28,1,1
BRF:55
BRH:51
end_of_record
TN:
SF:src\controllers\produtoCores.controller.ts
FN:7,(anonymous_1)
FN:18,(anonymous_2)
FN:48,(anonymous_3)
FN:81,(anonymous_4)
FNF:4
FNH:4
FNDA:2,(anonymous_1)
FNDA:3,(anonymous_2)
FNDA:3,(anonymous_3)
FNDA:2,(anonymous_4)
DA:2,1
DA:3,1
DA:4,1
DA:8,2
DA:9,2
DA:11,2
DA:12,1
DA:15,1
DA:19,3
DA:20,3
DA:21,3
DA:23,3
DA:24,1
DA:29,2
DA:30,0
DA:33,2
DA:34,2
DA:35,1
DA:38,1
DA:45,1
DA:49,3
DA:50,3
DA:51,3
DA:53,3
DA:55,3
DA:56,3
DA:57,1
DA:60,2
DA:61,2
DA:62,2
DA:63,1
DA:67,1
DA:68,0
DA:71,1
DA:78,1
DA:82,2
DA:83,2
DA:85,2
DA:86,1
DA:89,1
DA:90,1
DA:94,1
LF:42
LH:40
BRDA:11,0,0,1
BRDA:11,0,1,1
BRDA:19,1,0,3
BRDA:20,2,0,3
BRDA:20,2,1,1
BRDA:21,3,0,3
BRDA:21,3,1,1
BRDA:23,4,0,1
BRDA:23,4,1,2
BRDA:23,5,0,3
BRDA:23,5,1,2
BRDA:23,5,2,2
BRDA:29,6,0,0
BRDA:29,6,1,2
BRDA:34,7,0,1
BRDA:34,7,1,1
BRDA:51,8,0,3
BRDA:51,8,1,3
BRDA:53,9,0,0
BRDA:53,9,1,3
BRDA:53,10,0,0
BRDA:53,10,1,0
BRDA:56,11,0,1
BRDA:56,11,1,2
BRDA:60,12,0,2
BRDA:60,12,1,0
BRDA:62,13,0,1
BRDA:62,13,1,1
BRDA:67,14,0,0
BRDA:67,14,1,1
BRDA:67,15,0,1
BRDA:67,15,1,0
BRDA:72,16,0,1
BRDA:72,16,1,0
BRDA:73,17,0,1
BRDA:73,17,1,0
BRDA:74,18,0,1
BRDA:74,18,1,1
BRDA:75,19,0,0
BRDA:75,19,1,1
BRDA:85,20,0,1
BRDA:85,20,1,1
BRF:42
BRH:32
end_of_record
TN:
SF:src\controllers\produtoFotos.controller.ts
FN:8,(anonymous_1)
FN:24,(anonymous_2)
FN:31,(anonymous_3)
FN:36,(anonymous_4)
FN:45,(anonymous_5)
FN:69,(anonymous_6)
FN:78,(anonymous_7)
FN:89,(anonymous_8)
FN:133,(anonymous_9)
FN:191,(anonymous_10)
FNF:10
FNH:8
FNDA:10,(anonymous_1)
FNDA:10,(anonymous_2)
FNDA:0,(anonymous_3)
FNDA:0,(anonymous_4)
FNDA:6,(anonymous_5)
FNDA:6,(anonymous_6)
FNDA:2,(anonymous_7)
FNDA:5,(anonymous_8)
FNDA:5,(anonymous_9)
FNDA:2,(anonymous_10)
DA:2,1
DA:3,1
DA:4,1
DA:5,1
DA:9,10
DA:13,10
DA:14,10
DA:17,0
DA:18,0
DA:21,0
DA:25,10
DA:26,10
DA:27,10
DA:30,0
DA:31,0
DA:32,0
DA:33,0
DA:36,0
DA:37,0
DA:38,0
DA:42,0
DA:46,6
DA:47,5
DA:50,1
DA:51,0
DA:53,0
DA:61,0
DA:62,0
DA:66,1
DA:70,6
DA:71,6
DA:72,0
DA:75,6
DA:79,2
DA:80,2
DA:82,2
DA:83,1
DA:86,1
DA:90,5
DA:92,5
DA:97,5
DA:98,5
DA:102,5
DA:103,1
DA:108,4
DA:109,4
DA:110,1
DA:113,3
DA:114,3
DA:115,1
DA:118,2
DA:119,1
DA:124,1
DA:130,1
DA:134,5
DA:135,5
DA:137,5
DA:142,5
DA:144,5
DA:148,5
DA:149,5
DA:150,1
DA:153,4
DA:155,4
DA:157,4
DA:158,2
DA:159,2
DA:160,1
DA:164,3
DA:165,3
DA:166,3
DA:167,1
DA:171,2
DA:172,0
DA:175,2
DA:176,2
DA:177,1
DA:182,1
DA:188,1
DA:192,2
DA:193,2
DA:195,2
DA:196,1
DA:199,1
DA:200,1
DA:204,1
LF:86
LH:69
BRDA:13,0,0,10
BRDA:13,0,1,0
BRDA:17,1,0,0
BRDA:17,1,1,0
BRDA:26,2,0,10
BRDA:26,2,1,0
BRDA:30,3,0,0
BRDA:30,3,1,0
BRDA:32,4,0,0
BRDA:32,4,1,0
BRDA:37,5,0,0
BRDA:37,5,1,0
BRDA:46,6,0,5
BRDA:46,6,1,1
BRDA:50,7,0,0
BRDA:50,7,1,1
BRDA:50,8,0,1
BRDA:50,8,1,0
BRDA:53,9,0,0
BRDA:53,9,1,0
BRDA:53,9,2,0
BRDA:53,9,3,0
BRDA:53,9,4,0
BRDA:53,9,5,0
BRDA:53,9,6,0
BRDA:53,9,7,0
BRDA:61,10,0,0
BRDA:61,10,1,0
BRDA:71,11,0,0
BRDA:71,11,1,6
BRDA:82,12,0,1
BRDA:82,12,1,1
BRDA:92,13,0,4
BRDA:92,13,1,1
BRDA:92,14,0,5
BRDA:92,14,1,4
BRDA:94,15,0,0
BRDA:94,15,1,1
BRDA:94,16,0,1
BRDA:94,16,1,0
BRDA:99,17,0,5
BRDA:99,17,1,5
BRDA:99,17,2,1
BRDA:102,18,0,1
BRDA:102,18,1,4
BRDA:102,19,0,5
BRDA:102,19,1,4
BRDA:102,19,2,4
BRDA:109,20,0,1
BRDA:109,20,1,3
BRDA:114,21,0,1
BRDA:114,21,1,2
BRDA:118,22,0,1
BRDA:118,22,1,1
BRDA:137,23,0,1
BRDA:137,23,1,4
BRDA:137,24,0,5
BRDA:137,24,1,1
BRDA:139,25,0,0
BRDA:139,25,1,4
BRDA:139,26,0,4
BRDA:139,26,1,0
BRDA:144,27,0,1
BRDA:144,27,1,4
BRDA:144,28,0,5
BRDA:144,28,1,4
BRDA:144,28,2,4
BRDA:145,29,0,1
BRDA:145,29,1,1
BRDA:145,29,2,0
BRDA:149,30,0,1
BRDA:149,30,1,4
BRDA:153,31,0,2
BRDA:153,31,1,2
BRDA:155,32,0,3
BRDA:155,32,1,1
BRDA:157,33,0,2
BRDA:157,33,1,2
BRDA:159,34,0,1
BRDA:159,34,1,1
BRDA:164,35,0,3
BRDA:164,35,1,0
BRDA:166,36,0,1
BRDA:166,36,1,2
BRDA:171,37,0,0
BRDA:171,37,1,2
BRDA:171,38,0,2
BRDA:171,38,1,1
BRDA:171,38,2,1
BRDA:171,38,3,1
BRDA:176,39,0,1
BRDA:176,39,1,1
BRDA:176,40,0,2
BRDA:176,40,1,1
BRDA:185,41,0,1
BRDA:185,41,1,0
BRDA:195,42,0,1
BRDA:195,42,1,1
BRF:98
BRH:67
end_of_record
TN:
SF:src\controllers\produtoGrades.controller.ts
FN:7,(anonymous_1)
FN:18,(anonymous_2)
FN:41,(anonymous_3)
FN:66,(anonymous_4)
FNF:4
FNH:4
FNDA:2,(anonymous_1)
FNDA:3,(anonymous_2)
FNDA:3,(anonymous_3)
FNDA:2,(anonymous_4)
DA:2,1
DA:3,1
DA:8,2
DA:9,2
DA:11,2
DA:12,1
DA:15,1
DA:19,3
DA:21,3
DA:22,1
DA:27,2
DA:28,2
DA:29,1
DA:32,1
DA:38,1
DA:42,3
DA:43,3
DA:45,3
DA:46,3
DA:47,1
DA:50,2
DA:51,2
DA:52,2
DA:53,1
DA:57,1
DA:63,1
DA:67,2
DA:68,2
DA:70,2
DA:71,1
DA:74,1
DA:75,1
DA:79,1
LF:33
LH:33
BRDA:11,0,0,1
BRDA:11,0,1,1
BRDA:19,1,0,3
BRDA:21,2,0,1
BRDA:21,2,1,2
BRDA:21,3,0,3
BRDA:21,3,1,2
BRDA:28,4,0,1
BRDA:28,4,1,1
BRDA:46,5,0,1
BRDA:46,5,1,2
BRDA:50,6,0,2
BRDA:50,6,1,0
BRDA:52,7,0,1
BRDA:52,7,1,1
BRDA:58,8,0,1
BRDA:58,8,1,0
BRDA:59,9,0,1
BRDA:59,9,1,0
BRDA:60,10,0,0
BRDA:60,10,1,1
BRDA:70,11,0,1
BRDA:70,11,1,1
BRF:23
BRH:19
end_of_record
TN:
SF:src\controllers\produtos.controller.ts
FN:17,(anonymous_1)
FN:31,(anonymous_2)
FN:50,(anonymous_3)
FN:63,(anonymous_4)
FN:87,(anonymous_5)
FN:113,(anonymous_6)
FN:119,(anonymous_7)
FN:129,(anonymous_8)
FN:147,(anonymous_9)
FN:171,(anonymous_10)
FN:228,(anonymous_11)
FN:240,(anonymous_12)
FN:251,(anonymous_13)
FN:291,(anonymous_14)
FN:398,(anonymous_15)
FN:454,(anonymous_16)
FN:560,(anonymous_17)
FN:582,(anonymous_18)
FN:583,(anonymous_19)
FN:603,(anonymous_20)
FN:618,(anonymous_21)
FNF:21
FNH:18
FNDA:20,(anonymous_1)
FNDA:20,(anonymous_2)
FNDA:21,(anonymous_3)
FNDA:6,(anonymous_4)
FNDA:28,(anonymous_5)
FNDA:4,(anonymous_6)
FNDA:3,(anonymous_7)
FNDA:2,(anonymous_8)
FNDA:3,(anonymous_9)
FNDA:3,(anonymous_10)
FNDA:2,(anonymous_11)
FNDA:2,(anonymous_12)
FNDA:13,(anonymous_13)
FNDA:7,(anonymous_14)
FNDA:5,(anonymous_15)
FNDA:2,(anonymous_16)
FNDA:2,(anonymous_17)
FNDA:0,(anonymous_18)
FNDA:0,(anonymous_19)
FNDA:1,(anonymous_20)
FNDA:0,(anonymous_21)
DA:2,1
DA:3,1
DA:4,1
DA:5,1
DA:6,1
DA:7,1
DA:8,1
DA:9,1
DA:10,1
DA:11,1
DA:12,1
DA:13,1
DA:14,1
DA:18,20
DA:19,1
DA:22,19
DA:24,19
DA:28,19
DA:32,20
DA:34,20
DA:35,1
DA:38,19
DA:39,13
DA:42,6
DA:43,6
DA:44,2
DA:47,4
DA:51,21
DA:52,11
DA:55,10
DA:56,10
DA:57,3
DA:60,7
DA:64,6
DA:65,2
DA:68,4
DA:69,3
DA:71,3
DA:79,3
DA:80,1
DA:84,3
DA:88,28
DA:89,7
DA:92,21
DA:93,19
DA:96,2
DA:97,2
DA:98,2
DA:99,0
DA:102,2
DA:103,2
DA:104,0
DA:106,2
DA:110,0
DA:114,4
DA:115,4
DA:116,1
DA:119,3
DA:120,3
DA:121,3
DA:122,1
DA:125,2
DA:130,2
DA:131,2
DA:132,0
DA:134,2
DA:135,2
DA:136,0
DA:137,0
DA:138,0
DA:141,0
DA:144,2
DA:148,3
DA:149,3
DA:151,3
DA:152,3
DA:153,1
DA:155,2
DA:156,2
DA:157,1
DA:159,1
DA:163,2
DA:164,1
DA:167,2
DA:168,2
DA:172,3
DA:173,3
DA:174,3
DA:176,3
DA:177,3
DA:178,1
DA:180,2
DA:181,2
DA:182,1
DA:184,1
DA:185,1
DA:189,2
DA:190,1
DA:191,1
DA:194,2
DA:196,2
DA:228,2
DA:229,2
DA:230,2
DA:237,2
DA:241,2
DA:242,2
DA:244,2
DA:245,1
DA:248,1
DA:252,13
DA:253,13
DA:254,13
DA:255,13
DA:256,13
DA:257,13
DA:258,13
DA:259,13
DA:260,13
DA:261,13
DA:263,13
DA:264,1
DA:267,12
DA:268,1
DA:271,11
DA:272,1
DA:275,10
DA:276,1
DA:279,9
DA:280,1
DA:283,8
DA:284,1
DA:285,1
DA:286,1
DA:290,7
DA:291,7
DA:292,7
DA:304,7
DA:305,7
DA:306,3
DA:307,3
DA:308,3
DA:309,1
DA:312,2
DA:313,2
DA:314,1
DA:317,1
DA:325,1
DA:328,5
DA:329,5
DA:331,5
DA:332,5
DA:333,5
DA:334,5
DA:335,5
DA:336,1
DA:339,4
DA:340,4
DA:341,1
DA:344,3
DA:353,3
DA:355,3
DA:359,1
DA:364,1
DA:365,1
DA:373,1
DA:377,1
DA:385,1
DA:392,6
DA:399,5
DA:400,5
DA:401,5
DA:402,5
DA:403,5
DA:404,5
DA:405,5
DA:406,5
DA:409,5
DA:412,5
DA:413,5
DA:414,5
DA:416,5
DA:421,5
DA:422,0
DA:425,5
DA:426,5
DA:427,1
DA:430,4
DA:431,0
DA:434,4
DA:435,1
DA:438,3
DA:439,0
DA:442,3
DA:443,0
DA:446,3
DA:447,3
DA:448,3
DA:449,1
DA:453,2
DA:454,2
DA:455,2
DA:467,2
DA:468,1
DA:473,1
DA:474,1
DA:475,1
DA:476,1
DA:477,0
DA:480,1
DA:481,1
DA:482,0
DA:485,1
DA:496,2
DA:497,1
DA:501,1
DA:506,1
DA:507,1
DA:508,1
DA:509,1
DA:510,1
DA:511,0
DA:514,1
DA:515,1
DA:516,0
DA:519,1
DA:529,1
DA:533,1
DA:538,1
DA:539,1
DA:552,0
DA:557,2
DA:561,2
DA:563,2
DA:564,0
DA:567,2
DA:569,2
DA:570,1
DA:573,1
DA:577,1
DA:582,1
DA:583,1
DA:585,1
DA:589,1
DA:597,1
DA:598,0
DA:603,1
DA:604,1
DA:605,0
DA:613,1
DA:618,1
DA:620,1
DA:621,0
DA:627,1
DA:632,1
DA:637,1
DA:642,1
DA:647,1
DA:650,1
DA:654,1
LF:260
LH:239
BRDA:18,0,0,1
BRDA:18,0,1,19
BRDA:18,1,0,20
BRDA:18,1,1,19
BRDA:24,2,0,19
BRDA:24,2,1,0
BRDA:24,2,2,0
BRDA:28,3,0,19
BRDA:28,3,1,13
BRDA:32,4,0,20
BRDA:32,4,1,13
BRDA:34,5,0,1
BRDA:34,5,1,19
BRDA:34,6,0,20
BRDA:34,6,1,20
BRDA:38,7,0,13
BRDA:38,7,1,6
BRDA:43,8,0,2
BRDA:43,8,1,4
BRDA:50,9,0,0
BRDA:51,10,0,11
BRDA:51,10,1,10
BRDA:51,11,0,21
BRDA:51,11,1,10
BRDA:51,11,2,10
BRDA:56,12,0,3
BRDA:56,12,1,7
BRDA:64,13,0,2
BRDA:64,13,1,4
BRDA:68,14,0,3
BRDA:68,14,1,1
BRDA:68,15,0,4
BRDA:68,15,1,4
BRDA:71,16,0,3
BRDA:71,16,1,2
BRDA:71,16,2,2
BRDA:71,16,3,2
BRDA:71,16,4,2
BRDA:71,16,5,2
BRDA:71,16,6,2
BRDA:71,16,7,2
BRDA:79,17,0,1
BRDA:79,17,1,2
BRDA:88,18,0,7
BRDA:88,18,1,21
BRDA:92,19,0,19
BRDA:92,19,1,2
BRDA:96,20,0,2
BRDA:96,20,1,0
BRDA:98,21,0,0
BRDA:98,21,1,2
BRDA:104,22,0,0
BRDA:104,22,1,0
BRDA:114,23,0,4
BRDA:114,23,1,0
BRDA:115,24,0,1
BRDA:115,24,1,3
BRDA:121,25,0,1
BRDA:121,25,1,2
BRDA:130,26,0,2
BRDA:130,26,1,2
BRDA:131,27,0,0
BRDA:131,27,1,2
BRDA:137,28,0,0
BRDA:137,28,1,0
BRDA:151,29,0,3
BRDA:151,29,1,0
BRDA:152,30,0,1
BRDA:152,30,1,2
BRDA:156,31,0,1
BRDA:156,31,1,1
BRDA:163,32,0,1
BRDA:163,32,1,1
BRDA:176,33,0,3
BRDA:176,33,1,0
BRDA:177,34,0,1
BRDA:177,34,1,2
BRDA:181,35,0,1
BRDA:181,35,1,1
BRDA:189,36,0,1
BRDA:189,36,1,1
BRDA:194,37,0,2
BRDA:194,37,1,0
BRDA:229,38,0,2
BRDA:229,38,1,0
BRDA:244,39,0,1
BRDA:244,39,1,1
BRDA:252,40,0,13
BRDA:252,40,1,0
BRDA:255,41,0,2
BRDA:255,41,1,11
BRDA:256,42,0,13
BRDA:256,43,0,13
BRDA:260,44,0,13
BRDA:260,44,1,4
BRDA:261,45,0,13
BRDA:261,45,1,5
BRDA:263,46,0,1
BRDA:263,46,1,12
BRDA:263,47,0,13
BRDA:263,47,1,12
BRDA:267,48,0,1
BRDA:267,48,1,11
BRDA:271,49,0,1
BRDA:271,49,1,10
BRDA:271,50,0,11
BRDA:271,50,1,2
BRDA:275,51,0,1
BRDA:275,51,1,9
BRDA:275,52,0,10
BRDA:275,52,1,10
BRDA:279,53,0,1
BRDA:279,53,1,8
BRDA:279,54,0,9
BRDA:279,54,1,9
BRDA:283,55,0,1
BRDA:283,55,1,7
BRDA:285,56,0,1
BRDA:285,56,1,0
BRDA:306,57,0,3
BRDA:306,57,1,0
BRDA:307,58,0,3
BRDA:307,58,1,0
BRDA:308,59,0,1
BRDA:308,59,1,2
BRDA:313,60,0,1
BRDA:313,60,1,1
BRDA:332,61,0,5
BRDA:332,61,1,0
BRDA:333,62,0,5
BRDA:333,62,1,0
BRDA:334,63,0,5
BRDA:334,63,1,2
BRDA:334,63,2,1
BRDA:335,64,0,1
BRDA:335,64,1,4
BRDA:335,65,0,5
BRDA:335,65,1,4
BRDA:340,66,0,1
BRDA:340,66,1,3
BRDA:393,67,0,6
BRDA:393,67,1,0
BRDA:401,68,0,5
BRDA:401,68,1,0
BRDA:406,69,0,1
BRDA:406,69,1,4
BRDA:409,70,0,1
BRDA:409,70,1,4
BRDA:416,71,0,0
BRDA:416,71,1,5
BRDA:421,72,0,0
BRDA:421,72,1,5
BRDA:426,73,0,1
BRDA:426,73,1,4
BRDA:430,74,0,0
BRDA:430,74,1,4
BRDA:430,75,0,4
BRDA:430,75,1,0
BRDA:434,76,0,1
BRDA:434,76,1,3
BRDA:434,77,0,4
BRDA:434,77,1,4
BRDA:438,78,0,0
BRDA:438,78,1,3
BRDA:438,79,0,3
BRDA:438,79,1,1
BRDA:442,80,0,0
BRDA:442,80,1,3
BRDA:442,81,0,3
BRDA:442,81,1,1
BRDA:446,82,0,3
BRDA:446,82,1,0
BRDA:446,83,0,3
BRDA:446,83,1,3
BRDA:448,84,0,1
BRDA:448,84,1,2
BRDA:457,85,0,2
BRDA:457,85,1,0
BRDA:458,86,0,2
BRDA:458,86,1,0
BRDA:459,87,0,0
BRDA:459,87,1,2
BRDA:460,88,0,0
BRDA:460,88,1,2
BRDA:461,89,0,0
BRDA:461,89,1,2
BRDA:462,90,0,1
BRDA:462,90,1,1
BRDA:467,91,0,1
BRDA:467,91,1,1
BRDA:473,92,0,1
BRDA:473,92,1,0
BRDA:474,93,0,1
BRDA:474,93,1,0
BRDA:475,94,0,1
BRDA:475,94,1,0
BRDA:476,95,0,0
BRDA:476,95,1,1
BRDA:481,96,0,0
BRDA:481,96,1,1
BRDA:496,97,0,1
BRDA:496,97,1,1
BRDA:506,98,0,1
BRDA:506,98,1,0
BRDA:507,99,0,1
BRDA:507,99,1,0
BRDA:508,100,0,1
BRDA:508,100,1,0
BRDA:509,101,0,1
BRDA:509,101,1,1
BRDA:509,101,2,0
BRDA:510,102,0,0
BRDA:510,102,1,1
BRDA:510,103,0,1
BRDA:510,103,1,1
BRDA:515,104,0,0
BRDA:515,104,1,1
BRDA:553,105,0,0
BRDA:553,105,1,0
BRDA:563,106,0,0
BRDA:563,106,1,2
BRDA:569,107,0,1
BRDA:569,107,1,1
BRDA:586,108,0,0
BRDA:586,108,1,1
BRDA:587,109,0,0
BRDA:587,109,1,1
BRDA:589,110,0,0
BRDA:589,110,1,1
BRDA:597,111,0,0
BRDA:597,111,1,1
BRDA:604,112,0,0
BRDA:604,112,1,1
BRDA:620,113,0,0
BRDA:620,113,1,1
BRF:235
BRH:180
end_of_record
TN:
SF:src\controllers\usuarioContatos.controller.ts
FN:9,(anonymous_1)
FN:20,(anonymous_2)
FN:46,(anonymous_3)
FN:76,(anonymous_4)
FNF:4
FNH:4
FNDA:2,(anonymous_1)
FNDA:4,(anonymous_2)
FNDA:4,(anonymous_3)
FNDA:2,(anonymous_4)
DA:2,1
DA:3,1
DA:6,1
DA:10,2
DA:11,2
DA:13,2
DA:14,1
DA:17,1
DA:21,4
DA:23,4
DA:24,1
DA:27,3
DA:28,1
DA:31,2
DA:32,2
DA:33,1
DA:36,1
DA:43,1
DA:47,4
DA:48,4
DA:50,4
DA:51,4
DA:52,1
DA:55,3
DA:56,2
DA:57,2
DA:58,1
DA:62,2
DA:63,1
DA:66,1
DA:73,1
DA:77,2
DA:78,2
DA:80,2
DA:81,1
DA:84,1
DA:85,1
DA:89,1
LF:38
LH:38
BRDA:13,0,0,1
BRDA:13,0,1,1
BRDA:21,1,0,1
BRDA:21,2,0,4
BRDA:23,3,0,1
BRDA:23,3,1,3
BRDA:23,4,0,4
BRDA:23,4,1,3
BRDA:27,5,0,1
BRDA:27,5,1,2
BRDA:32,6,0,1
BRDA:32,6,1,1
BRDA:51,7,0,1
BRDA:51,7,1,3
BRDA:55,8,0,2
BRDA:55,8,1,1
BRDA:57,9,0,1
BRDA:57,9,1,1
BRDA:62,10,0,1
BRDA:62,10,1,1
BRDA:62,11,0,2
BRDA:62,11,1,2
BRDA:67,12,0,1
BRDA:67,12,1,0
BRDA:68,13,0,1
BRDA:68,13,1,0
BRDA:69,14,0,1
BRDA:69,14,1,0
BRDA:70,15,0,0
BRDA:70,15,1,1
BRDA:80,16,0,1
BRDA:80,16,1,1
BRF:32
BRH:28
end_of_record
TN:
SF:src\controllers\usuarioEnderecos.controller.ts
FN:8,(anonymous_1)
FN:20,(anonymous_2)
FN:63,(anonymous_3)
FN:108,(anonymous_4)
FNF:4
FNH:4
FNDA:2,(anonymous_1)
FNDA:3,(anonymous_2)
FNDA:3,(anonymous_3)
FNDA:2,(anonymous_4)
DA:2,1
DA:3,1
DA:9,2
DA:10,2
DA:12,2
DA:13,1
DA:16,1
DA:33,3
DA:35,3
DA:36,1
DA:41,2
DA:42,2
DA:43,1
DA:46,1
DA:60,1
DA:64,3
DA:77,3
DA:79,3
DA:80,3
DA:81,1
DA:84,2
DA:85,2
DA:86,2
DA:87,1
DA:91,1
DA:105,1
DA:109,2
DA:110,2
DA:112,2
DA:113,1
DA:116,1
DA:117,1
DA:121,1
LF:33
LH:33
BRDA:12,0,0,1
BRDA:12,0,1,1
BRDA:25,1,0,3
BRDA:26,2,0,3
BRDA:27,3,0,3
BRDA:28,4,0,3
BRDA:29,5,0,3
BRDA:30,6,0,3
BRDA:31,7,0,3
BRDA:32,8,0,3
BRDA:35,9,0,1
BRDA:35,9,1,2
BRDA:35,10,0,3
BRDA:35,10,1,2
BRDA:35,10,2,2
BRDA:42,11,0,1
BRDA:42,11,1,1
BRDA:80,12,0,1
BRDA:80,12,1,2
BRDA:84,13,0,2
BRDA:84,13,1,0
BRDA:86,14,0,1
BRDA:86,14,1,1
BRDA:92,15,0,1
BRDA:92,15,1,0
BRDA:93,16,0,1
BRDA:93,16,1,1
BRDA:94,17,0,1
BRDA:94,17,1,1
BRDA:95,18,0,0
BRDA:95,18,1,1
BRDA:96,19,0,0
BRDA:96,19,1,1
BRDA:97,20,0,0
BRDA:97,20,1,1
BRDA:98,21,0,0
BRDA:98,21,1,1
BRDA:99,22,0,0
BRDA:99,22,1,1
BRDA:100,23,0,0
BRDA:100,23,1,1
BRDA:101,24,0,1
BRDA:101,24,1,0
BRDA:102,25,0,0
BRDA:102,25,1,1
BRDA:112,26,0,1
BRDA:112,26,1,1
BRF:47
BRH:37
end_of_record
TN:
SF:src\controllers\usuarioSenhasHistorico.controller.ts
FN:7,(anonymous_1)
FN:30,(anonymous_2)
FNF:2
FNH:2
FNDA:3,(anonymous_1)
FNDA:2,(anonymous_2)
DA:1,2
DA:2,2
DA:3,2
DA:9,3
DA:10,3
DA:11,1
DA:14,2
DA:19,2
DA:20,3
DA:21,3
DA:22,1
DA:26,1
DA:32,2
DA:33,2
DA:34,1
DA:37,1
DA:42,1
DA:47,2
LF:18
LH:18
BRDA:10,0,0,1
BRDA:10,0,1,2
BRDA:21,1,0,1
BRDA:21,1,1,2
BRDA:33,2,0,1
BRDA:33,2,1,1
BRF:6
BRH:6
end_of_record
TN:
SF:src\controllers\usuarios.controller.ts
FN:7,(anonymous_1)
FN:11,(anonymous_2)
FN:17,(anonymous_3)
FN:19,(anonymous_4)
FN:24,(anonymous_5)
FN:35,(anonymous_6)
FN:57,(anonymous_7)
FN:69,(anonymous_8)
FN:106,(anonymous_9)
FNF:9
FNH:9
FNDA:3,(anonymous_1)
FNDA:5,(anonymous_2)
FNDA:1,(anonymous_3)
FNDA:1,(anonymous_4)
FNDA:2,(anonymous_5)
FNDA:4,(anonymous_6)
FNDA:2,(anonymous_7)
FNDA:5,(anonymous_8)
FNDA:3,(anonymous_9)
DA:2,1
DA:3,1
DA:4,1
DA:8,3
DA:12,5
DA:13,5
DA:14,5
DA:18,1
DA:19,1
DA:21,1
DA:25,2
DA:26,2
DA:28,2
DA:29,1
DA:32,1
DA:36,4
DA:38,4
DA:39,1
DA:42,3
DA:43,1
DA:46,2
DA:47,2
DA:48,1
DA:51,1
DA:52,1
DA:53,1
DA:54,1
DA:58,2
DA:59,2
DA:61,2
DA:62,1
DA:65,1
DA:66,1
DA:70,5
DA:71,5
DA:73,5
DA:74,5
DA:75,1
DA:78,4
DA:79,2
DA:80,2
DA:81,1
DA:85,3
DA:86,1
DA:89,2
DA:93,2
DA:95,2
DA:103,2
DA:107,3
DA:108,3
DA:110,3
DA:111,1
DA:114,2
DA:115,2
DA:116,1
DA:119,1
DA:120,1
DA:121,1
DA:123,1
DA:127,1
LF:60
LH:60
BRDA:28,0,0,1
BRDA:28,0,1,1
BRDA:36,1,0,4
BRDA:36,2,0,3
BRDA:38,3,0,1
BRDA:38,3,1,3
BRDA:38,4,0,4
BRDA:38,4,1,4
BRDA:38,4,2,3
BRDA:42,5,0,1
BRDA:42,5,1,2
BRDA:42,6,0,3
BRDA:42,6,1,1
BRDA:47,7,0,1
BRDA:47,7,1,1
BRDA:61,8,0,1
BRDA:61,8,1,1
BRDA:74,9,0,1
BRDA:74,9,1,4
BRDA:78,10,0,2
BRDA:78,10,1,2
BRDA:78,11,0,4
BRDA:78,11,1,2
BRDA:80,12,0,1
BRDA:80,12,1,1
BRDA:85,13,0,1
BRDA:85,13,1,2
BRDA:85,14,0,3
BRDA:85,14,1,2
BRDA:85,14,2,2
BRDA:89,15,0,1
BRDA:89,15,1,1
BRDA:93,16,0,1
BRDA:93,16,1,1
BRDA:96,17,0,2
BRDA:96,17,1,1
BRDA:97,18,0,0
BRDA:97,18,1,2
BRDA:98,19,0,2
BRDA:98,19,1,1
BRDA:100,20,0,2
BRDA:100,20,1,1
BRDA:110,21,0,1
BRDA:110,21,1,2
BRDA:115,22,0,1
BRDA:115,22,1,1
BRF:46
BRH:45
end_of_record
TN:
SF:src\middlewares\auth.middleware.ts
FN:11,(anonymous_1)
FN:46,(anonymous_2)
FN:46,(anonymous_3)
FN:63,(anonymous_4)
FN:63,(anonymous_5)
FNF:5
FNH:5
FNDA:5,(anonymous_1)
FNDA:1,(anonymous_2)
FNDA:3,(anonymous_3)
FNDA:1,(anonymous_4)
FNDA:5,(anonymous_5)
DA:2,1
DA:3,1
DA:11,1
DA:16,5
DA:17,5
DA:18,1
DA:21,4
DA:22,4
DA:23,4
DA:24,1
DA:27,3
DA:28,3
DA:29,1
DA:32,2
DA:38,2
DA:39,1
DA:42,1
DA:43,1
DA:46,1
DA:51,3
DA:52,3
DA:53,1
DA:56,2
DA:57,1
DA:60,1
DA:63,1
DA:68,5
DA:69,5
DA:70,1
DA:73,4
DA:74,1
DA:77,3
DA:78,3
DA:79,1
DA:82,2
DA:83,1
DA:86,1
DA:89,1
LF:38
LH:38
BRDA:17,0,0,1
BRDA:17,0,1,4
BRDA:17,1,0,5
BRDA:17,1,1,4
BRDA:23,2,0,1
BRDA:23,2,1,3
BRDA:28,3,0,1
BRDA:28,3,1,2
BRDA:38,4,0,1
BRDA:38,4,1,1
BRDA:38,5,0,2
BRDA:38,5,1,1
BRDA:52,6,0,1
BRDA:52,6,1,2
BRDA:56,7,0,1
BRDA:56,7,1,1
BRDA:63,8,0,0
BRDA:69,9,0,1
BRDA:69,9,1,4
BRDA:73,10,0,1
BRDA:73,10,1,3
BRDA:78,11,0,1
BRDA:78,11,1,2
BRDA:82,12,0,1
BRDA:82,12,1,1
BRF:25
BRH:24
end_of_record
TN:
SF:src\middlewares\upload.middleware.ts
FNF:0
FNH:0
DA:1,1
DA:3,1
DA:11,1
LF:3
LH:3
BRF:0
BRH:0
end_of_record
TN:
SF:src\models\AvaliacaoFotos.ts
FNF:0
FNH:0
DA:1,1
DA:2,1
DA:10,1
DA:44,1
LF:4
LH:4
BRF:0
BRH:0
end_of_record
TN:
SF:src\models\AvaliacaoProdutos.ts
FNF:0
FNH:0
DA:1,1
DA:2,1
DA:13,1
DA:69,1
LF:4
LH:4
BRF:0
BRH:0
end_of_record
TN:
SF:src\models\CarrinhoItens.ts
FNF:0
FNH:0
DA:1,1
DA:2,1
DA:15,1
DA:87,1
LF:4
LH:4
BRF:0
BRH:0
end_of_record
TN:
SF:src\models\Carrinhos.ts
FNF:0
FNH:0
DA:1,1
DA:2,1
DA:11,1
DA:50,1
LF:4
LH:4
BRF:0
BRH:0
end_of_record
TN:
SF:src\models\Categorias.ts
FNF:0
FNH:0
DA:1,1
DA:2,1
DA:11,1
DA:41,1
LF:4
LH:4
BRF:0
BRH:0
end_of_record
TN:
SF:src\models\PedidoItens.ts
FNF:0
FNH:0
DA:1,1
DA:2,1
DA:16,1
DA:91,1
LF:4
LH:4
BRF:0
BRH:0
end_of_record
TN:
SF:src\models\Pedidos.ts
FNF:0
FNH:0
DA:1,1
DA:2,1
DA:21,1
DA:98,1
LF:4
LH:4
BRF:0
BRH:0
end_of_record
TN:
SF:src\models\ProdutoCores.ts
FN:37,(anonymous_1)
FNF:1
FNH:0
FNDA:0,(anonymous_1)
DA:1,1
DA:2,1
DA:3,1
DA:15,1
DA:38,0
DA:39,0
DA:40,0
DA:42,0
DA:74,1
LF:9
LH:5
BRDA:38,0,0,0
BRDA:38,0,1,0
BRDA:39,1,0,0
BRDA:39,1,1,0
BRF:4
BRH:0
end_of_record
TN:
SF:src\models\ProdutoFotos.ts
FNF:0
FNH:0
DA:1,1
DA:2,1
DA:13,1
DA:68,1
LF:4
LH:4
BRF:0
BRH:0
end_of_record
TN:
SF:src\models\ProdutoGrades.ts
FNF:0
FNH:0
DA:1,1
DA:2,1
DA:13,1
DA:61,1
LF:4
LH:4
BRF:0
BRH:0
end_of_record
TN:
SF:src\models\Produtos.ts
FNF:0
FNH:0
DA:1,1
DA:2,1
DA:17,1
DA:99,1
LF:4
LH:4
BRF:0
BRH:0
end_of_record
TN:
SF:src\models\UsuarioContatos.ts
FNF:0
FNH:0
DA:1,1
DA:2,1
DA:14,1
DA:67,1
LF:4
LH:4
BRF:0
BRH:0
end_of_record
TN:
SF:src\models\UsuarioEnderecos.ts
FNF:0
FNH:0
DA:1,1
DA:2,1
DA:21,1
DA:108,1
LF:4
LH:4
BRF:0
BRH:0
end_of_record
TN:
SF:src\models\UsuarioSenhasHistorico.ts
FNF:0
FNH:0
DA:1,2
DA:2,2
DA:11,2
DA:50,2
LF:4
LH:4
BRF:0
BRH:0
end_of_record
TN:
SF:src\models\Usuarios.ts
FNF:0
FNH:0
DA:1,1
DA:2,1
DA:16,1
DA:70,1
LF:4
LH:4
BRF:0
BRH:0
end_of_record
TN:
SF:src\models\index.js
FN:21,(anonymous_0)
FN:29,(anonymous_1)
FN:34,(anonymous_2)
FNF:3
FNH:3
FNDA:17,(anonymous_0)
FNDA:1,(anonymous_1)
FNDA:1,(anonymous_2)
DA:3,2
DA:4,2
DA:5,2
DA:6,2
DA:7,2
DA:8,2
DA:9,2
DA:10,2
DA:13,2
DA:14,1
DA:16,1
DA:19,2
DA:22,17
DA:30,1
DA:31,1
DA:34,2
DA:35,1
DA:36,1
DA:40,2
DA:41,2
DA:43,2
LF:21
LH:21
BRDA:8,0,0,2
BRDA:8,0,1,0
BRDA:13,1,0,1
BRDA:13,1,1,1
BRDA:23,2,0,17
BRDA:23,2,1,17
BRDA:23,2,2,16
BRDA:23,2,3,1
BRDA:35,3,0,1
BRDA:35,3,1,0
BRF:10
BRH:8
end_of_record
TN:
SF:src\services\auth.service.ts
FN:29,(anonymous_1)
FN:33,(anonymous_2)
FN:37,(anonymous_3)
FN:41,(anonymous_4)
FN:45,(anonymous_5)
FN:49,(anonymous_6)
FN:53,(anonymous_7)
FN:57,(anonymous_8)
FN:63,(anonymous_9)
FN:69,(anonymous_10)
FN:77,(anonymous_11)
FN:94,(anonymous_12)
FN:118,(anonymous_13)
FN:143,(anonymous_14)
FN:152,(anonymous_15)
FN:177,(anonymous_16)
FN:193,(anonymous_17)
FNF:17
FNH:17
FNDA:8,(anonymous_1)
FNDA:5,(anonymous_2)
FNDA:8,(anonymous_3)
FNDA:16,(anonymous_4)
FNDA:14,(anonymous_5)
FNDA:7,(anonymous_6)
FNDA:1,(anonymous_7)
FNDA:9,(anonymous_8)
FNDA:5,(anonymous_9)
FNDA:5,(anonymous_10)
FNDA:3,(anonymous_11)
FNDA:3,(anonymous_12)
FNDA:2,(anonymous_13)
FNDA:7,(anonymous_14)
FNDA:6,(anonymous_15)
FNDA:5,(anonymous_16)
FNDA:7,(anonymous_17)
DA:1,1
DA:2,1
DA:3,1
DA:4,1
DA:30,8
DA:34,5
DA:38,8
DA:42,16
DA:46,14
DA:50,7
DA:54,1
DA:58,9
DA:59,1
DA:64,5
DA:65,5
DA:66,5
DA:70,5
DA:74,5
DA:78,3
DA:79,3
DA:80,2
DA:81,1
DA:84,1
DA:90,1
DA:95,3
DA:96,3
DA:97,1
DA:100,2
DA:101,2
DA:102,2
DA:103,1
DA:106,1
DA:112,1
DA:119,2
DA:121,1
DA:130,1
DA:140,1
DA:144,7
DA:145,7
DA:146,6
DA:148,1
DA:153,6
DA:161,6
DA:169,6
DA:170,1
DA:171,1
DA:174,5
DA:178,5
DA:185,5
DA:186,1
DA:187,1
DA:190,4
DA:194,7
DA:196,7
DA:197,1
DA:200,6
DA:201,5
DA:203,4
DA:204,1
DA:207,3
DA:208,3
DA:209,2
DA:212,3
DA:213,1
DA:214,1
DA:216,1
DA:223,2
DA:224,1
DA:227,3
DA:233,3
DA:240,1
LF:71
LH:71
BRDA:30,0,0,8
BRDA:30,0,1,0
BRDA:34,1,0,5
BRDA:34,1,1,0
BRDA:38,2,0,8
BRDA:38,2,1,0
BRDA:42,3,0,16
BRDA:42,3,1,1
BRDA:46,4,0,14
BRDA:46,4,1,0
BRDA:50,5,0,7
BRDA:50,5,1,0
BRDA:54,6,0,1
BRDA:54,6,1,0
BRDA:58,7,0,1
BRDA:58,7,1,8
BRDA:58,8,0,9
BRDA:58,8,1,8
BRDA:80,9,0,1
BRDA:80,9,1,1
BRDA:80,10,0,2
BRDA:80,10,1,2
BRDA:80,10,2,1
BRDA:96,11,0,1
BRDA:96,11,1,2
BRDA:102,12,0,1
BRDA:102,12,1,1
BRDA:169,13,0,1
BRDA:169,13,1,5
BRDA:185,14,0,1
BRDA:185,14,1,4
BRDA:196,15,0,1
BRDA:196,15,1,6
BRDA:203,16,0,1
BRDA:203,16,1,3
BRDA:203,17,0,4
BRDA:203,17,1,3
BRDA:208,18,0,2
BRDA:208,18,1,1
BRDA:212,19,0,1
BRDA:212,19,1,2
BRDA:223,20,0,1
BRDA:223,20,1,1
BRF:43
BRH:37
end_of_record
TN:
SF:src\utils\color.ts
FN:1,(anonymous_0)
FN:3,(anonymous_1)
FN:5,(anonymous_2)
FN:18,(anonymous_3)
FNF:4
FNH:3
FNDA:0,(anonymous_0)
FNDA:7,(anonymous_1)
FNDA:9,(anonymous_2)
FNDA:21,(anonymous_3)
DA:1,3
DA:3,7
DA:5,3
DA:6,9
DA:7,0
DA:10,9
DA:11,9
DA:12,2
DA:15,7
DA:16,7
DA:17,7
DA:18,21
DA:20,7
DA:21,7
DA:22,7
DA:23,7
DA:26,0
DA:29,0
DA:30,0
DA:31,0
DA:32,0
DA:33,0
DA:34,0
DA:36,0
DA:39,0
DA:40,0
DA:41,0
DA:42,0
DA:43,0
DA:44,0
DA:45,0
DA:49,0
LF:32
LH:15
BRDA:1,0,0,0
BRDA:1,0,1,0
BRDA:1,0,2,0
BRDA:6,1,0,0
BRDA:6,1,1,9
BRDA:11,2,0,2
BRDA:11,2,1,7
BRDA:16,3,0,7
BRDA:16,3,1,0
BRDA:17,4,0,7
BRDA:17,4,1,0
BRDA:29,5,0,0
BRDA:29,5,1,0
BRDA:33,6,0,0
BRDA:33,6,1,0
BRDA:33,7,0,0
BRDA:33,7,1,0
BRDA:33,7,2,0
BRDA:40,8,0,0
BRDA:40,8,1,0
BRDA:44,9,0,0
BRDA:44,9,1,0
BRDA:44,10,0,0
BRDA:44,10,1,0
BRDA:44,10,2,0
BRF:25
BRH:5
end_of_record
TN:
SF:src\utils\produtoFotoStorage.ts
FN:21,(anonymous_1)
FN:24,(anonymous_2)
FN:27,(anonymous_3)
FN:34,(anonymous_4)
FN:53,(anonymous_5)
FN:135,(anonymous_6)
FN:188,(anonymous_7)
FN:222,(anonymous_8)
FNF:8
FNH:4
FNDA:0,(anonymous_1)
FNDA:0,(anonymous_2)
FNDA:5,(anonymous_3)
FNDA:5,(anonymous_4)
FNDA:0,(anonymous_5)
FNDA:0,(anonymous_6)
FNDA:6,(anonymous_7)
FNDA:6,(anonymous_8)
DA:1,2
DA:2,2
DA:3,2
DA:10,2
DA:19,2
DA:21,2
DA:22,0
DA:24,2
DA:25,0
DA:27,2
DA:28,5
DA:29,5
DA:34,2
DA:35,5
DA:36,5
DA:37,5
DA:40,0
DA:41,0
DA:42,0
DA:43,0
DA:44,0
DA:47,0
DA:53,2
DA:55,0
DA:61,0
DA:69,0
DA:79,0
DA:100,0
DA:115,0
DA:117,0
DA:118,0
DA:119,0
DA:123,0
DA:131,0
DA:134,0
DA:135,0
DA:136,0
DA:137,0
DA:140,0
DA:141,0
DA:142,0
DA:146,0
DA:154,0
DA:157,0
DA:158,0
DA:161,0
DA:162,0
DA:163,0
DA:166,0
DA:167,0
DA:168,0
DA:171,0
DA:172,0
DA:173,0
DA:177,0
DA:185,0
DA:188,2
DA:189,6
DA:190,5
DA:191,5
DA:192,0
DA:195,5
DA:196,5
DA:197,0
DA:200,5
DA:201,5
DA:204,0
DA:205,0
DA:206,0
DA:209,0
DA:215,1
DA:216,0
DA:219,1
DA:222,2
DA:223,6
DA:224,6
DA:225,6
DA:228,0
DA:229,0
DA:231,0
DA:232,0
DA:234,0
LF:82
LH:29
BRDA:25,0,0,0
BRDA:25,0,1,0
BRDA:29,1,0,5
BRDA:29,1,1,0
BRDA:29,1,2,0
BRDA:36,2,0,5
BRDA:36,2,1,0
BRDA:43,3,0,0
BRDA:43,3,1,0
BRDA:55,4,0,0
BRDA:55,4,1,0
BRDA:55,4,2,0
BRDA:55,4,3,0
BRDA:55,4,4,0
BRDA:61,5,0,0
BRDA:61,5,1,0
BRDA:61,5,2,0
BRDA:61,5,3,0
BRDA:61,5,4,0
BRDA:61,5,5,0
BRDA:61,5,6,0
BRDA:69,6,0,0
BRDA:69,6,1,0
BRDA:69,6,2,0
BRDA:69,6,3,0
BRDA:69,6,4,0
BRDA:69,6,5,0
BRDA:69,6,6,0
BRDA:69,6,7,0
BRDA:69,6,8,0
BRDA:79,7,0,0
BRDA:79,7,1,0
BRDA:81,8,0,0
BRDA:81,8,1,0
BRDA:83,9,0,0
BRDA:83,9,1,0
BRDA:85,10,0,0
BRDA:85,10,1,0
BRDA:87,11,0,0
BRDA:87,11,1,0
BRDA:89,12,0,0
BRDA:89,12,1,0
BRDA:91,13,0,0
BRDA:91,13,1,0
BRDA:93,14,0,0
BRDA:93,14,1,0
BRDA:95,15,0,0
BRDA:95,15,1,0
BRDA:100,16,0,0
BRDA:100,16,1,0
BRDA:102,17,0,0
BRDA:102,17,1,0
BRDA:104,18,0,0
BRDA:104,18,1,0
BRDA:106,19,0,0
BRDA:106,19,1,0
BRDA:108,20,0,0
BRDA:108,20,1,0
BRDA:110,21,0,0
BRDA:110,21,1,0
BRDA:112,22,0,0
BRDA:112,22,1,0
BRDA:115,23,0,0
BRDA:115,23,1,0
BRDA:117,24,0,0
BRDA:117,24,1,0
BRDA:118,25,0,0
BRDA:118,25,1,0
BRDA:123,26,0,0
BRDA:123,26,1,0
BRDA:123,27,0,0
BRDA:123,27,1,0
BRDA:125,28,0,0
BRDA:125,28,1,0
BRDA:127,29,0,0
BRDA:127,29,1,0
BRDA:127,30,0,0
BRDA:127,30,1,0
BRDA:131,31,0,0
BRDA:131,31,1,0
BRDA:134,32,0,0
BRDA:134,32,1,0
BRDA:136,33,0,0
BRDA:136,33,1,0
BRDA:141,34,0,0
BRDA:141,34,1,0
BRDA:146,35,0,0
BRDA:146,35,1,0
BRDA:146,36,0,0
BRDA:146,36,1,0
BRDA:148,37,0,0
BRDA:148,37,1,0
BRDA:150,38,0,0
BRDA:150,38,1,0
BRDA:150,39,0,0
BRDA:150,39,1,0
BRDA:154,40,0,0
BRDA:154,40,1,0
BRDA:157,41,0,0
BRDA:157,41,1,0
BRDA:162,42,0,0
BRDA:162,42,1,0
BRDA:167,43,0,0
BRDA:167,43,1,0
BRDA:172,44,0,0
BRDA:172,44,1,0
BRDA:177,45,0,0
BRDA:177,45,1,0
BRDA:177,46,0,0
BRDA:177,46,1,0
BRDA:179,47,0,0
BRDA:179,47,1,0
BRDA:181,48,0,0
BRDA:181,48,1,0
BRDA:181,49,0,0
BRDA:181,49,1,0
BRDA:185,50,0,0
BRDA:185,50,1,0
BRDA:189,51,0,5
BRDA:189,51,1,1
BRDA:191,52,0,0
BRDA:191,52,1,5
BRDA:196,53,0,0
BRDA:196,53,1,5
BRDA:200,54,0,5
BRDA:200,54,1,0
BRDA:205,55,0,0
BRDA:205,55,1,0
BRDA:215,56,0,0
BRDA:215,56,1,1
BRDA:215,57,0,1
BRDA:215,57,1,0
BRDA:224,58,0,6
BRDA:224,58,1,0
BRDA:228,59,0,0
BRDA:228,59,1,0
BRF:136
BRH:10
end_of_record
